Arguments: 
  C:\Program Files\nodejs\node.exe C:\Users\MGKda\AppData\Roaming\npm\node_modules\yarn\bin\yarn.js add react-hot-toast

PATH: 
  C:\Program Files (x86)\VMware\VMware Player\bin\;C:\WINDOWS\system32;C:\WINDOWS;C:\WINDOWS\System32\Wbem;C:\WINDOWS\System32\WindowsPowerShell\v1.0\;C:\WINDOWS\System32\OpenSSH\;C:\MinGW\bin;C:\Program Files\nodejs\;C:\Program Files\Git\cmd;C:\Redis-x64-3.0.504;C:\Users\MGKda\Desktop\Redis-x64-3.0.504;C:\Users\MGKda\Downloads\Redis;C:\Users\MGKda\AppData\Local\Microsoft\WindowsApps;C:\Users\MGKda\AppData\Local\Programs\Microsoft VS Code\bin;C:\Users\MGKda\AppData\Roaming\npm;C:\Redis-x64-3.0.504;C:\Users\MGKda\Desktop\Redis-x64-3.0.504;

Yarn version: 
  1.22.17

Node version: 
  16.13.0

Platform: 
  win32 x64

Trace: 
  Error: https://registry.yarnpkg.com/Styled-components: Not found
      at Request.params.callback [as _callback] (C:\Users\MGKda\AppData\Roaming\npm\node_modules\yarn\lib\cli.js:67029:18)
      at Request.self.callback (C:\Users\MGKda\AppData\Roaming\npm\node_modules\yarn\lib\cli.js:140883:22)
      at Request.emit (node:events:390:28)
      at Request.<anonymous> (C:\Users\MGKda\AppData\Roaming\npm\node_modules\yarn\lib\cli.js:141855:10)
      at Request.emit (node:events:390:28)
      at IncomingMessage.<anonymous> (C:\Users\MGKda\AppData\Roaming\npm\node_modules\yarn\lib\cli.js:141777:12)
      at Object.onceWrapper (node:events:509:28)
      at IncomingMessage.emit (node:events:402:35)
      at endReadableNT (node:internal/streams/readable:1343:12)
      at processTicksAndRejections (node:internal/process/task_queues:83:21)

npm manifest: 
  {
    "name": "davtion",
    "version": "0.0.0",
    "scripts": {
      "dev": "vite",
      "build": "vite build",
      "serve": "vite preview"
    },
    "dependencies": {
      "firebase": "^9.6.0",
      "react": "17.0.0",
      "react-dom": "17.0.0",
      "react-redux": "^7.2.6",
      "react-router-dom": "^6.0.2",
      "redux": "^4.1.2",
      "redux-thunk": "^2.4.1",
      "styled-components": "^5.3.3"
    },
    "devDependencies": {
      "@vitejs/plugin-react": "^1.0.0",
      "vite": "^2.6.4"
    },
    "resolutions": {
      "Styled-components": "^5"
    }
  }

yarn manifest: 
  No manifest

Lockfile: 
  # THIS IS AN AUTOGENERATED FILE. DO NOT EDIT THIS FILE DIRECTLY.
  # yarn lockfile v1
  
  
  "@babel/code-frame@^7.16.0":
    "integrity" "sha512-IF4EOMEV+bfYwOmNxGzSnjR2EmQod7f1UXOpZM3l4i4o4QNwzjtJAu/HxdjHq0aYBvdqMuQEY1eg0nqW9ZPORA=="
    "resolved" "https://registry.npmjs.org/@babel/code-frame/-/code-frame-7.16.0.tgz"
    "version" "7.16.0"
    dependencies:
      "@babel/highlight" "^7.16.0"
  
  "@babel/compat-data@^7.16.0":
    "integrity" "sha512-1o/jo7D+kC9ZjHX5v+EHrdjl3PhxMrLSOTGsOdHJ+KL8HCaEK6ehrVL2RS6oHDZp+L7xLirLrPmQtEng769J/Q=="
    "resolved" "https://registry.npmjs.org/@babel/compat-data/-/compat-data-7.16.4.tgz"
    "version" "7.16.4"
  
  "@babel/core@^7.0.0", "@babel/core@^7.0.0-0", "@babel/core@^7.16.0":
    "integrity" "sha512-mYZEvshBRHGsIAiyH5PzCFTCfbWfoYbO/jcSdXQSUQu1/pW0xDZAUP7KEc32heqWTAfAHhV9j1vH8Sav7l+JNQ=="
    "resolved" "https://registry.npmjs.org/@babel/core/-/core-7.16.0.tgz"
    "version" "7.16.0"
    dependencies:
      "@babel/code-frame" "^7.16.0"
      "@babel/generator" "^7.16.0"
      "@babel/helper-compilation-targets" "^7.16.0"
      "@babel/helper-module-transforms" "^7.16.0"
      "@babel/helpers" "^7.16.0"
      "@babel/parser" "^7.16.0"
      "@babel/template" "^7.16.0"
      "@babel/traverse" "^7.16.0"
      "@babel/types" "^7.16.0"
      "convert-source-map" "^1.7.0"
      "debug" "^4.1.0"
      "gensync" "^1.0.0-beta.2"
      "json5" "^2.1.2"
      "semver" "^6.3.0"
      "source-map" "^0.5.0"
  
  "@babel/generator@^7.16.0":
    "integrity" "sha512-RR8hUCfRQn9j9RPKEVXo9LiwoxLPYn6hNZlvUOR8tSnaxlD0p0+la00ZP9/SnRt6HchKr+X0fO2r8vrETiJGew=="
    "resolved" "https://registry.npmjs.org/@babel/generator/-/generator-7.16.0.tgz"
    "version" "7.16.0"
    dependencies:
      "@babel/types" "^7.16.0"
      "jsesc" "^2.5.1"
      "source-map" "^0.5.0"
  
  "@babel/helper-annotate-as-pure@^7.16.0":
    "integrity" "sha512-ItmYF9vR4zA8cByDocY05o0LGUkp1zhbTQOH1NFyl5xXEqlTJQCEJjieriw+aFpxo16swMxUnUiKS7a/r4vtHg=="
    "resolved" "https://registry.npmjs.org/@babel/helper-annotate-as-pure/-/helper-annotate-as-pure-7.16.0.tgz"
    "version" "7.16.0"
    dependencies:
      "@babel/types" "^7.16.0"
  
  "@babel/helper-compilation-targets@^7.16.0":
    "integrity" "sha512-vKsoSQAyBmxS35JUOOt+07cLc6Nk/2ljLIHwmq2/NM6hdioUaqEXq/S+nXvbvXbZkNDlWOymPanJGOc4CBjSJA=="
    "resolved" "https://registry.npmjs.org/@babel/helper-compilation-targets/-/helper-compilation-targets-7.16.3.tgz"
    "version" "7.16.3"
    dependencies:
      "@babel/compat-data" "^7.16.0"
      "@babel/helper-validator-option" "^7.14.5"
      "browserslist" "^4.17.5"
      "semver" "^6.3.0"
  
  "@babel/helper-function-name@^7.16.0":
    "integrity" "sha512-BZh4mEk1xi2h4HFjWUXRQX5AEx4rvaZxHgax9gcjdLWdkjsY7MKt5p0otjsg5noXw+pB+clMCjw+aEVYADMjog=="
    "resolved" "https://registry.npmjs.org/@babel/helper-function-name/-/helper-function-name-7.16.0.tgz"
    "version" "7.16.0"
    dependencies:
      "@babel/helper-get-function-arity" "^7.16.0"
      "@babel/template" "^7.16.0"
      "@babel/types" "^7.16.0"
  
  "@babel/helper-get-function-arity@^7.16.0":
    "integrity" "sha512-ASCquNcywC1NkYh/z7Cgp3w31YW8aojjYIlNg4VeJiHkqyP4AzIvr4qx7pYDb4/s8YcsZWqqOSxgkvjUz1kpDQ=="
    "resolved" "https://registry.npmjs.org/@babel/helper-get-function-arity/-/helper-get-function-arity-7.16.0.tgz"
    "version" "7.16.0"
    dependencies:
      "@babel/types" "^7.16.0"
  
  "@babel/helper-hoist-variables@^7.16.0":
    "integrity" "sha512-1AZlpazjUR0EQZQv3sgRNfM9mEVWPK3M6vlalczA+EECcPz3XPh6VplbErL5UoMpChhSck5wAJHthlj1bYpcmg=="
    "resolved" "https://registry.npmjs.org/@babel/helper-hoist-variables/-/helper-hoist-variables-7.16.0.tgz"
    "version" "7.16.0"
    dependencies:
      "@babel/types" "^7.16.0"
  
  "@babel/helper-member-expression-to-functions@^7.16.0":
    "integrity" "sha512-bsjlBFPuWT6IWhl28EdrQ+gTvSvj5tqVP5Xeftp07SEuz5pLnsXZuDkDD3Rfcxy0IsHmbZ+7B2/9SHzxO0T+sQ=="
    "resolved" "https://registry.npmjs.org/@babel/helper-member-expression-to-functions/-/helper-member-expression-to-functions-7.16.0.tgz"
    "version" "7.16.0"
    dependencies:
      "@babel/types" "^7.16.0"
  
  "@babel/helper-module-imports@^7.0.0", "@babel/helper-module-imports@^7.16.0":
    "integrity" "sha512-kkH7sWzKPq0xt3H1n+ghb4xEMP8k0U7XV3kkB+ZGy69kDk2ySFW1qPi06sjKzFY3t1j6XbJSqr4mF9L7CYVyhg=="
    "resolved" "https://registry.npmjs.org/@babel/helper-module-imports/-/helper-module-imports-7.16.0.tgz"
    "version" "7.16.0"
    dependencies:
      "@babel/types" "^7.16.0"
  
  "@babel/helper-module-transforms@^7.16.0":
    "integrity" "sha512-My4cr9ATcaBbmaEa8M0dZNA74cfI6gitvUAskgDtAFmAqyFKDSHQo5YstxPbN+lzHl2D9l/YOEFqb2mtUh4gfA=="
    "resolved" "https://registry.npmjs.org/@babel/helper-module-transforms/-/helper-module-transforms-7.16.0.tgz"
    "version" "7.16.0"
    dependencies:
      "@babel/helper-module-imports" "^7.16.0"
      "@babel/helper-replace-supers" "^7.16.0"
      "@babel/helper-simple-access" "^7.16.0"
      "@babel/helper-split-export-declaration" "^7.16.0"
      "@babel/helper-validator-identifier" "^7.15.7"
      "@babel/template" "^7.16.0"
      "@babel/traverse" "^7.16.0"
      "@babel/types" "^7.16.0"
  
  "@babel/helper-optimise-call-expression@^7.16.0":
    "integrity" "sha512-SuI467Gi2V8fkofm2JPnZzB/SUuXoJA5zXe/xzyPP2M04686RzFKFHPK6HDVN6JvWBIEW8tt9hPR7fXdn2Lgpw=="
    "resolved" "https://registry.npmjs.org/@babel/helper-optimise-call-expression/-/helper-optimise-call-expression-7.16.0.tgz"
    "version" "7.16.0"
    dependencies:
      "@babel/types" "^7.16.0"
  
  "@babel/helper-plugin-utils@^7.14.5":
    "integrity" "sha512-/37qQCE3K0vvZKwoK4XU/irIJQdIfCJuhU5eKnNxpFDsOkgFaUAwbv+RYw6eYgsC0E4hS7r5KqGULUogqui0fQ=="
    "resolved" "https://registry.npmjs.org/@babel/helper-plugin-utils/-/helper-plugin-utils-7.14.5.tgz"
    "version" "7.14.5"
  
  "@babel/helper-replace-supers@^7.16.0":
    "integrity" "sha512-TQxuQfSCdoha7cpRNJvfaYxxxzmbxXw/+6cS7V02eeDYyhxderSoMVALvwupA54/pZcOTtVeJ0xccp1nGWladA=="
    "resolved" "https://registry.npmjs.org/@babel/helper-replace-supers/-/helper-replace-supers-7.16.0.tgz"
    "version" "7.16.0"
    dependencies:
      "@babel/helper-member-expression-to-functions" "^7.16.0"
      "@babel/helper-optimise-call-expression" "^7.16.0"
      "@babel/traverse" "^7.16.0"
      "@babel/types" "^7.16.0"
  
  "@babel/helper-simple-access@^7.16.0":
    "integrity" "sha512-o1rjBT/gppAqKsYfUdfHq5Rk03lMQrkPHG1OWzHWpLgVXRH4HnMM9Et9CVdIqwkCQlobnGHEJMsgWP/jE1zUiw=="
    "resolved" "https://registry.npmjs.org/@babel/helper-simple-access/-/helper-simple-access-7.16.0.tgz"
    "version" "7.16.0"
    dependencies:
      "@babel/types" "^7.16.0"
  
  "@babel/helper-split-export-declaration@^7.16.0":
    "integrity" "sha512-0YMMRpuDFNGTHNRiiqJX19GjNXA4H0E8jZ2ibccfSxaCogbm3am5WN/2nQNj0YnQwGWM1J06GOcQ2qnh3+0paw=="
    "resolved" "https://registry.npmjs.org/@babel/helper-split-export-declaration/-/helper-split-export-declaration-7.16.0.tgz"
    "version" "7.16.0"
    dependencies:
      "@babel/types" "^7.16.0"
  
  "@babel/helper-validator-identifier@^7.15.7":
    "integrity" "sha512-K4JvCtQqad9OY2+yTU8w+E82ywk/fe+ELNlt1G8z3bVGlZfn/hOcQQsUhGhW/N+tb3fxK800wLtKOE/aM0m72w=="
    "resolved" "https://registry.npmjs.org/@babel/helper-validator-identifier/-/helper-validator-identifier-7.15.7.tgz"
    "version" "7.15.7"
  
  "@babel/helper-validator-option@^7.14.5":
    "integrity" "sha512-OX8D5eeX4XwcroVW45NMvoYaIuFI+GQpA2a8Gi+X/U/cDUIRsV37qQfF905F0htTRCREQIB4KqPeaveRJUl3Ow=="
    "resolved" "https://registry.npmjs.org/@babel/helper-validator-option/-/helper-validator-option-7.14.5.tgz"
    "version" "7.14.5"
  
  "@babel/helpers@^7.16.0":
    "integrity" "sha512-Xn8IhDlBPhvYTvgewPKawhADichOsbkZuzN7qz2BusOM0brChsyXMDJvldWaYMMUNiCQdQzNEioXTp3sC8Nt8w=="
    "resolved" "https://registry.npmjs.org/@babel/helpers/-/helpers-7.16.3.tgz"
    "version" "7.16.3"
    dependencies:
      "@babel/template" "^7.16.0"
      "@babel/traverse" "^7.16.3"
      "@babel/types" "^7.16.0"
  
  "@babel/highlight@^7.16.0":
    "integrity" "sha512-t8MH41kUQylBtu2+4IQA3atqevA2lRgqA2wyVB/YiWmsDSuylZZuXOUy9ric30hfzauEFfdsuk/eXTRrGrfd0g=="
    "resolved" "https://registry.npmjs.org/@babel/highlight/-/highlight-7.16.0.tgz"
    "version" "7.16.0"
    dependencies:
      "@babel/helper-validator-identifier" "^7.15.7"
      "chalk" "^2.0.0"
      "js-tokens" "^4.0.0"
  
  "@babel/parser@^7.16.0", "@babel/parser@^7.16.3":
    "integrity" "sha512-6V0qdPUaiVHH3RtZeLIsc+6pDhbYzHR8ogA8w+f+Wc77DuXto19g2QUwveINoS34Uw+W8/hQDGJCx+i4n7xcng=="
    "resolved" "https://registry.npmjs.org/@babel/parser/-/parser-7.16.4.tgz"
    "version" "7.16.4"
  
  "@babel/plugin-syntax-jsx@^7.16.0":
    "integrity" "sha512-8zv2+xiPHwly31RK4RmnEYY5zziuF3O7W2kIDW+07ewWDh6Oi0dRq8kwvulRkFgt6DB97RlKs5c1y068iPlCUg=="
    "resolved" "https://registry.npmjs.org/@babel/plugin-syntax-jsx/-/plugin-syntax-jsx-7.16.0.tgz"
    "version" "7.16.0"
    dependencies:
      "@babel/helper-plugin-utils" "^7.14.5"
  
  "@babel/plugin-transform-react-jsx-development@^7.16.0":
    "integrity" "sha512-qq65iSqBRq0Hr3wq57YG2AmW0H6wgTnIzpffTphrUWUgLCOK+zf1f7G0vuOiXrp7dU1qq+fQBoqZ3wCDAkhFzw=="
    "resolved" "https://registry.npmjs.org/@babel/plugin-transform-react-jsx-development/-/plugin-transform-react-jsx-development-7.16.0.tgz"
    "version" "7.16.0"
    dependencies:
      "@babel/plugin-transform-react-jsx" "^7.16.0"
  
  "@babel/plugin-transform-react-jsx-self@^7.16.0":
    "integrity" "sha512-97yCFY+2GvniqOThOSjPor8xUoDiQ0STVWAQMl3pjhJoFVe5DuXDLZCRSZxu9clx+oRCbTiXGgKEG/Yoyo6Y+w=="
    "resolved" "https://registry.npmjs.org/@babel/plugin-transform-react-jsx-self/-/plugin-transform-react-jsx-self-7.16.0.tgz"
    "version" "7.16.0"
    dependencies:
      "@babel/helper-plugin-utils" "^7.14.5"
  
  "@babel/plugin-transform-react-jsx-source@^7.16.0":
    "integrity" "sha512-8yvbGGrHOeb/oyPc9tzNoe9/lmIjz3HLa9Nc5dMGDyNpGjfFrk8D2KdEq9NRkftZzeoQEW6yPQ29TMZtrLiUUA=="
    "resolved" "https://registry.npmjs.org/@babel/plugin-transform-react-jsx-source/-/plugin-transform-react-jsx-source-7.16.0.tgz"
    "version" "7.16.0"
    dependencies:
      "@babel/helper-plugin-utils" "^7.14.5"
  
  "@babel/plugin-transform-react-jsx@^7.16.0":
    "integrity" "sha512-rqDgIbukZ44pqq7NIRPGPGNklshPkvlmvqjdx3OZcGPk4zGIenYkxDTvl3LsSL8gqcc3ZzGmXPE6hR/u/voNOw=="
    "resolved" "https://registry.npmjs.org/@babel/plugin-transform-react-jsx/-/plugin-transform-react-jsx-7.16.0.tgz"
    "version" "7.16.0"
    dependencies:
      "@babel/helper-annotate-as-pure" "^7.16.0"
      "@babel/helper-module-imports" "^7.16.0"
      "@babel/helper-plugin-utils" "^7.14.5"
      "@babel/plugin-syntax-jsx" "^7.16.0"
      "@babel/types" "^7.16.0"
  
  "@babel/runtime@^7.15.4", "@babel/runtime@^7.7.6", "@babel/runtime@^7.9.2":
    "integrity" "sha512-WBwekcqacdY2e9AF/Q7WLFUWmdJGJTkbjqTjoMDgXkVZ3ZRUvOPsLb5KdwISoQVsbP+DQzVZW4Zhci0DvpbNTQ=="
    "resolved" "https://registry.npmjs.org/@babel/runtime/-/runtime-7.16.3.tgz"
    "version" "7.16.3"
    dependencies:
      "regenerator-runtime" "^0.13.4"
  
  "@babel/template@^7.16.0":
    "integrity" "sha512-MnZdpFD/ZdYhXwiunMqqgyZyucaYsbL0IrjoGjaVhGilz+x8YB++kRfygSOIj1yOtWKPlx7NBp+9I1RQSgsd5A=="
    "resolved" "https://registry.npmjs.org/@babel/template/-/template-7.16.0.tgz"
    "version" "7.16.0"
    dependencies:
      "@babel/code-frame" "^7.16.0"
      "@babel/parser" "^7.16.0"
      "@babel/types" "^7.16.0"
  
  "@babel/traverse@^7.16.0", "@babel/traverse@^7.16.3", "@babel/traverse@^7.4.5":
    "integrity" "sha512-eolumr1vVMjqevCpwVO99yN/LoGL0EyHiLO5I043aYQvwOJ9eR5UsZSClHVCzfhBduMAsSzgA/6AyqPjNayJag=="
    "resolved" "https://registry.npmjs.org/@babel/traverse/-/traverse-7.16.3.tgz"
    "version" "7.16.3"
    dependencies:
      "@babel/code-frame" "^7.16.0"
      "@babel/generator" "^7.16.0"
      "@babel/helper-function-name" "^7.16.0"
      "@babel/helper-hoist-variables" "^7.16.0"
      "@babel/helper-split-export-declaration" "^7.16.0"
      "@babel/parser" "^7.16.3"
      "@babel/types" "^7.16.0"
      "debug" "^4.1.0"
      "globals" "^11.1.0"
  
  "@babel/types@^7.16.0":
    "integrity" "sha512-PJgg/k3SdLsGb3hhisFvtLOw5ts113klrpLuIPtCJIU+BB24fqq6lf8RWqKJEjzqXR9AEH1rIb5XTqwBHB+kQg=="
    "resolved" "https://registry.npmjs.org/@babel/types/-/types-7.16.0.tgz"
    "version" "7.16.0"
    dependencies:
      "@babel/helper-validator-identifier" "^7.15.7"
      "to-fast-properties" "^2.0.0"
  
  "@emotion/is-prop-valid@^0.8.8":
    "integrity" "sha512-u5WtneEAr5IDG2Wv65yhunPSMLIpuKsbuOktRojfrEiEvRyC85LgPMZI63cr7NUqT8ZIGdSVg8ZKGxIug4lXcA=="
    "resolved" "https://registry.npmjs.org/@emotion/is-prop-valid/-/is-prop-valid-0.8.8.tgz"
    "version" "0.8.8"
    dependencies:
      "@emotion/memoize" "0.7.4"
  
  "@emotion/memoize@0.7.4":
    "integrity" "sha512-Ja/Vfqe3HpuzRsG1oBtWTHk2PGZ7GR+2Vz5iYGelAw8dx32K0y7PjVuxK6z1nMpZOqAFsRUPCkK1YjJ56qJlgw=="
    "resolved" "https://registry.npmjs.org/@emotion/memoize/-/memoize-0.7.4.tgz"
    "version" "0.7.4"
  
  "@emotion/stylis@^0.8.4":
    "integrity" "sha512-h6KtPihKFn3T9fuIrwvXXUOwlx3rfUvfZIcP5a6rh8Y7zjE3O06hT5Ss4S/YI1AYhuZ1kjaE/5EaOOI2NqSylQ=="
    "resolved" "https://registry.npmjs.org/@emotion/stylis/-/stylis-0.8.5.tgz"
    "version" "0.8.5"
  
  "@emotion/unitless@^0.7.4":
    "integrity" "sha512-OWORNpfjMsSSUBVrRBVGECkhWcULOAJz9ZW8uK9qgxD+87M7jHRcvh/A96XXNhXTLmKcoYSQtBEX7lHMO7YRwg=="
    "resolved" "https://registry.npmjs.org/@emotion/unitless/-/unitless-0.7.5.tgz"
    "version" "0.7.5"
  
  "@firebase/analytics-compat@0.1.5":
    "integrity" "sha512-5cfr0uWwlhoHQYAr6UtQCHwnGjs/3J/bWrfA3INNtzaN4/tTTLTD02iobbccRcM7dM5TR0sZFWS5orfAU3OBFg=="
    "resolved" "https://registry.npmjs.org/@firebase/analytics-compat/-/analytics-compat-0.1.5.tgz"
    "version" "0.1.5"
    dependencies:
      "@firebase/analytics" "0.7.4"
      "@firebase/analytics-types" "0.7.0"
      "@firebase/component" "0.5.9"
      "@firebase/util" "1.4.2"
      "tslib" "^2.1.0"
  
  "@firebase/analytics-types@0.7.0":
    "integrity" "sha512-DNE2Waiwy5+zZnCfintkDtBfaW6MjIG883474v6Z0K1XZIvl76cLND4iv0YUb48leyF+PJK1KO2XrgHb/KpmhQ=="
    "resolved" "https://registry.npmjs.org/@firebase/analytics-types/-/analytics-types-0.7.0.tgz"
    "version" "0.7.0"
  
  "@firebase/analytics@0.7.4":
    "integrity" "sha512-AU3XMwHW7SFGCNeUKKNW2wXGTdmS164ackt/Epu2bDXCT1OcauPE1AVd+ofULSIDCaDUAQVmvw3JrobgogEU7Q=="
    "resolved" "https://registry.npmjs.org/@firebase/analytics/-/analytics-0.7.4.tgz"
    "version" "0.7.4"
    dependencies:
      "@firebase/component" "0.5.9"
      "@firebase/installations" "0.5.4"
      "@firebase/logger" "0.3.2"
      "@firebase/util" "1.4.2"
      "tslib" "^2.1.0"
  
  "@firebase/app-check-compat@0.2.2":
    "integrity" "sha512-nX2Ou8Rwo+TMMNDecQOGH78kFw6sORLrsGyu0eC95M853JjisVxTngN1TU/RL5h83ElJ0HhNlz6C3FYAuGNqqA=="
    "resolved" "https://registry.npmjs.org/@firebase/app-check-compat/-/app-check-compat-0.2.2.tgz"
    "version" "0.2.2"
    dependencies:
      "@firebase/app-check" "0.5.2"
      "@firebase/component" "0.5.9"
      "@firebase/logger" "0.3.2"
      "@firebase/util" "1.4.2"
      "tslib" "^2.1.0"
  
  "@firebase/app-check-interop-types@0.1.0":
    "integrity" "sha512-uZfn9s4uuRsaX5Lwx+gFP3B6YsyOKUE+Rqa6z9ojT4VSRAsZFko9FRn6OxQUA1z5t5d08fY4pf+/+Dkd5wbdbA=="
    "resolved" "https://registry.npmjs.org/@firebase/app-check-interop-types/-/app-check-interop-types-0.1.0.tgz"
    "version" "0.1.0"
  
  "@firebase/app-check@0.5.2":
    "integrity" "sha512-DJrvxcn5QPO5dU735GA9kYpf+GwmCmnd/oQdWVExrRG+yjaLnP0rSJ2HKQ4bZKGo8qig3P7fwQpdMOgP2BXFjQ=="
    "resolved" "https://registry.npmjs.org/@firebase/app-check/-/app-check-0.5.2.tgz"
    "version" "0.5.2"
    dependencies:
      "@firebase/component" "0.5.9"
      "@firebase/logger" "0.3.2"
      "@firebase/util" "1.4.2"
      "tslib" "^2.1.0"
  
  "@firebase/app-compat@0.1.11", "@firebase/app-compat@0.x":
    "integrity" "sha512-I6L6hHoAxylFg39w1I0w7zJ4cDq41FdUHUPhhNzDcPUJMJUQNzZXXBxUvDCj8ChFXDjVb/YTbLKzitqQXvkWBg=="
    "resolved" "https://registry.npmjs.org/@firebase/app-compat/-/app-compat-0.1.11.tgz"
    "version" "0.1.11"
    dependencies:
      "@firebase/app" "0.7.10"
      "@firebase/component" "0.5.9"
      "@firebase/logger" "0.3.2"
      "@firebase/util" "1.4.2"
      "tslib" "^2.1.0"
  
  "@firebase/app-types@0.7.0", "@firebase/app-types@0.x":
    "integrity" "sha512-6fbHQwDv2jp/v6bXhBw2eSRbNBpxHcd1NBF864UksSMVIqIyri9qpJB1Mn6sGZE+bnDsSQBC5j2TbMxYsJQkQg=="
    "resolved" "https://registry.npmjs.org/@firebase/app-types/-/app-types-0.7.0.tgz"
    "version" "0.7.0"
  
  "@firebase/app@0.7.10", "@firebase/app@0.x":
    "integrity" "sha512-u3dawOIj5EOK8OOJy0QypS51pdR2tJMD/DnrQy0U2vau3nLDZalXmcknA23HPX67pIbjg5AkUv9RhulM4qUK7g=="
    "resolved" "https://registry.npmjs.org/@firebase/app/-/app-0.7.10.tgz"
    "version" "0.7.10"
    dependencies:
      "@firebase/component" "0.5.9"
      "@firebase/logger" "0.3.2"
      "@firebase/util" "1.4.2"
      "tslib" "^2.1.0"
  
  "@firebase/auth-compat@0.2.3":
    "integrity" "sha512-qXdibKq44Lf22hy9YQaaMsAFMOiTA95Z9NjZJbrY8P0zXZUjFhwpx41Mett8+3X/uv/mXa6KuouRt2QdpsqU/g=="
    "resolved" "https://registry.npmjs.org/@firebase/auth-compat/-/auth-compat-0.2.3.tgz"
    "version" "0.2.3"
    dependencies:
      "@firebase/auth" "0.19.3"
      "@firebase/auth-types" "0.11.0"
      "@firebase/component" "0.5.9"
      "@firebase/util" "1.4.2"
      "node-fetch" "2.6.5"
      "selenium-webdriver" "^4.0.0-beta.2"
      "tslib" "^2.1.0"
  
  "@firebase/auth-interop-types@0.1.6":
    "integrity" "sha512-etIi92fW3CctsmR9e3sYM3Uqnoq861M0Id9mdOPF6PWIg38BXL5k4upCNBggGUpLIS0H1grMOvy/wn1xymwe2g=="
    "resolved" "https://registry.npmjs.org/@firebase/auth-interop-types/-/auth-interop-types-0.1.6.tgz"
    "version" "0.1.6"
  
  "@firebase/auth-types@0.11.0":
    "integrity" "sha512-q7Bt6cx+ySj9elQHTsKulwk3+qDezhzRBFC9zlQ1BjgMueUOnGMcvqmU0zuKlQ4RhLSH7MNAdBV2znVaoN3Vxw=="
    "resolved" "https://registry.npmjs.org/@firebase/auth-types/-/auth-types-0.11.0.tgz"
    "version" "0.11.0"
  
  "@firebase/auth@0.19.3":
    "integrity" "sha512-asOJkmzBh38DgZ5fBt7cv8dNyU3r7kRVoXi9f1eCpQp/n+NagaiUM+YKXq0snjbchFJu7qPBiwrIg/xZinY4kg=="
    "resolved" "https://registry.npmjs.org/@firebase/auth/-/auth-0.19.3.tgz"
    "version" "0.19.3"
    dependencies:
      "@firebase/component" "0.5.9"
      "@firebase/logger" "0.3.2"
      "@firebase/util" "1.4.2"
      "node-fetch" "2.6.5"
      "selenium-webdriver" "4.0.0-rc-1"
      "tslib" "^2.1.0"
  
  "@firebase/component@0.5.9":
    "integrity" "sha512-oLCY3x9WbM5rn06qmUvbtJuPj4dIw/C9T4Th52IiHF5tiCRC5k6YthvhfUVcTwfoUhK0fOgtwuKJKA/LpCPjgA=="
    "resolved" "https://registry.npmjs.org/@firebase/component/-/component-0.5.9.tgz"
    "version" "0.5.9"
    dependencies:
      "@firebase/util" "1.4.2"
      "tslib" "^2.1.0"
  
  "@firebase/database-compat@0.1.4":
    "integrity" "sha512-dIJiZLDFF3U+MoEwoPBy7zxWmBUro1KefmwSHlpOoxmPv76tuoPm85NumpW/HmMrtTcTkC2qowtb6NjGE8X7mw=="
    "resolved" "https://registry.npmjs.org/@firebase/database-compat/-/database-compat-0.1.4.tgz"
    "version" "0.1.4"
    dependencies:
      "@firebase/component" "0.5.9"
      "@firebase/database" "0.12.4"
      "@firebase/database-types" "0.9.3"
      "@firebase/logger" "0.3.2"
      "@firebase/util" "1.4.2"
      "tslib" "^2.1.0"
  
  "@firebase/database-types@0.9.3":
    "integrity" "sha512-R+YXLWy/Q7mNUxiUYiMboTwvVoprrgfyvf1Viyevskw6IoH1q8HV1UjlkLSgmRsOT9HPWt7XZUEStVZJFknHwg=="
    "resolved" "https://registry.npmjs.org/@firebase/database-types/-/database-types-0.9.3.tgz"
    "version" "0.9.3"
    dependencies:
      "@firebase/app-types" "0.7.0"
      "@firebase/util" "1.4.2"
  
  "@firebase/database@0.12.4":
    "integrity" "sha512-XkrL1kXELRNkqKcltuT4hfG1gWmFiGvjFY+z7Lhb//12MqdkLjwa9YMK8c6Lo+Ro+IkWcJArQaOQYe3GkU5Wgg=="
    "resolved" "https://registry.npmjs.org/@firebase/database/-/database-0.12.4.tgz"
    "version" "0.12.4"
    dependencies:
      "@firebase/auth-interop-types" "0.1.6"
      "@firebase/component" "0.5.9"
      "@firebase/logger" "0.3.2"
      "@firebase/util" "1.4.2"
      "faye-websocket" "0.11.4"
      "tslib" "^2.1.0"
  
  "@firebase/firestore-compat@0.1.9":
    "integrity" "sha512-OvWx3uzv9KzVJQPOyugz8RLbGVitjdRX+Wb845GtLbnFzApILHbjhd2zIKbvDQfnZsAD0eXPXLFIyCBCAEVz9g=="
    "resolved" "https://registry.npmjs.org/@firebase/firestore-compat/-/firestore-compat-0.1.9.tgz"
    "version" "0.1.9"
    dependencies:
      "@firebase/component" "0.5.9"
      "@firebase/firestore" "3.4.0"
      "@firebase/firestore-types" "2.5.0"
      "@firebase/util" "1.4.2"
      "tslib" "^2.1.0"
  
  "@firebase/firestore-types@2.5.0":
    "integrity" "sha512-I6c2m1zUhZ5SH0cWPmINabDyH5w0PPFHk2UHsjBpKdZllzJZ2TwTkXbDtpHUZNmnc/zAa0WNMNMvcvbb/xJLKA=="
    "resolved" "https://registry.npmjs.org/@firebase/firestore-types/-/firestore-types-2.5.0.tgz"
    "version" "2.5.0"
  
  "@firebase/firestore@3.4.0":
    "integrity" "sha512-AiK4ol0U1Ul2oWegHgtAL47MRN7pkEo4XMtMY6ysVpopkVsiZzHFQIIgq5nFi/dQczWUvwX/ntOIELGJyQEZXQ=="
    "resolved" "https://registry.npmjs.org/@firebase/firestore/-/firestore-3.4.0.tgz"
    "version" "3.4.0"
    dependencies:
      "@firebase/component" "0.5.9"
      "@firebase/logger" "0.3.2"
      "@firebase/util" "1.4.2"
      "@firebase/webchannel-wrapper" "0.6.1"
      "@grpc/grpc-js" "^1.3.2"
      "@grpc/proto-loader" "^0.6.0"
      "node-fetch" "2.6.5"
      "tslib" "^2.1.0"
  
  "@firebase/functions-compat@0.1.7":
    "integrity" "sha512-Rv3mAUIhsLTxIgPWJSESUcmE1tzNHzUlqQStPnxHn6eFFgHVhkU2wg/NMrKZWTFlb51jpKTjh51AQDhRdT3n3A=="
    "resolved" "https://registry.npmjs.org/@firebase/functions-compat/-/functions-compat-0.1.7.tgz"
    "version" "0.1.7"
    dependencies:
      "@firebase/component" "0.5.9"
      "@firebase/functions" "0.7.6"
      "@firebase/functions-types" "0.5.0"
      "@firebase/util" "1.4.2"
      "tslib" "^2.1.0"
  
  "@firebase/functions-types@0.5.0":
    "integrity" "sha512-qza0M5EwX+Ocrl1cYI14zoipUX4gI/Shwqv0C1nB864INAD42Dgv4v94BCyxGHBg2kzlWy8PNafdP7zPO8aJQA=="
    "resolved" "https://registry.npmjs.org/@firebase/functions-types/-/functions-types-0.5.0.tgz"
    "version" "0.5.0"
  
  "@firebase/functions@0.7.6":
    "integrity" "sha512-Kl6a2PbRkOlSlOWJSgYuNp3e53G3cb+axF+r7rbWhJIHiaelG16GerBMxZTSxyiCz77C24LwiA2TKNwe85ObZg=="
    "resolved" "https://registry.npmjs.org/@firebase/functions/-/functions-0.7.6.tgz"
    "version" "0.7.6"
    dependencies:
      "@firebase/app-check-interop-types" "0.1.0"
      "@firebase/auth-interop-types" "0.1.6"
      "@firebase/component" "0.5.9"
      "@firebase/messaging-interop-types" "0.1.0"
      "@firebase/util" "1.4.2"
      "node-fetch" "2.6.5"
      "tslib" "^2.1.0"
  
  "@firebase/installations@0.5.4":
    "integrity" "sha512-rYb6Ju/tIBhojmM8FsgS96pErKl6gPgJFnffMO4bKH7HilXhOfgLfKU9k51ZDcps8N0npDx9+AJJ6pL1aYuYZQ=="
    "resolved" "https://registry.npmjs.org/@firebase/installations/-/installations-0.5.4.tgz"
    "version" "0.5.4"
    dependencies:
      "@firebase/component" "0.5.9"
      "@firebase/util" "1.4.2"
      "idb" "3.0.2"
      "tslib" "^2.1.0"
  
  "@firebase/logger@0.3.2":
    "integrity" "sha512-lzLrcJp9QBWpo40OcOM9B8QEtBw2Fk1zOZQdvv+rWS6gKmhQBCEMc4SMABQfWdjsylBcDfniD1Q+fUX1dcBTXA=="
    "resolved" "https://registry.npmjs.org/@firebase/logger/-/logger-0.3.2.tgz"
    "version" "0.3.2"
    dependencies:
      "tslib" "^2.1.0"
  
  "@firebase/messaging-compat@0.1.4":
    "integrity" "sha512-6477jBw7w7hk0uhnTUMsPoukalpcwbxTTo9kMguHVSXe0t3OdoxeXEaapaNJlOmU4Kgc8j3rsms8IDLdKVpvlA=="
    "resolved" "https://registry.npmjs.org/@firebase/messaging-compat/-/messaging-compat-0.1.4.tgz"
    "version" "0.1.4"
    dependencies:
      "@firebase/component" "0.5.9"
      "@firebase/messaging" "0.9.4"
      "@firebase/util" "1.4.2"
      "tslib" "^2.1.0"
  
  "@firebase/messaging-interop-types@0.1.0":
    "integrity" "sha512-DbvUl/rXAZpQeKBnwz0NYY5OCqr2nFA0Bj28Fmr3NXGqR4PAkfTOHuQlVtLO1Nudo3q0HxAYLa68ZDAcuv2uKQ=="
    "resolved" "https://registry.npmjs.org/@firebase/messaging-interop-types/-/messaging-interop-types-0.1.0.tgz"
    "version" "0.1.0"
  
  "@firebase/messaging@0.9.4":
    "integrity" "sha512-OvYV4MLPfDpdP/yltLqZXZRx6rXWz52bEilS2jL2B4sGiuTaXSkR6BIHB54EPTblu32nbyZYdlER4fssz4TfXw=="
    "resolved" "https://registry.npmjs.org/@firebase/messaging/-/messaging-0.9.4.tgz"
    "version" "0.9.4"
    dependencies:
      "@firebase/component" "0.5.9"
      "@firebase/installations" "0.5.4"
      "@firebase/messaging-interop-types" "0.1.0"
      "@firebase/util" "1.4.2"
      "idb" "3.0.2"
      "tslib" "^2.1.0"
  
  "@firebase/performance-compat@0.1.4":
    "integrity" "sha512-YuGfmpC0o+YvEBlEZCbPdNbT4Nn2qhi5uMXjqKnNIUepmXUsgOYDiAqM9nxHPoE/6IkvoFMdCj5nTUYVLCFXgg=="
    "resolved" "https://registry.npmjs.org/@firebase/performance-compat/-/performance-compat-0.1.4.tgz"
    "version" "0.1.4"
    dependencies:
      "@firebase/component" "0.5.9"
      "@firebase/logger" "0.3.2"
      "@firebase/performance" "0.5.4"
      "@firebase/performance-types" "0.1.0"
      "@firebase/util" "1.4.2"
      "tslib" "^2.1.0"
  
  "@firebase/performance-types@0.1.0":
    "integrity" "sha512-6p1HxrH0mpx+622Ql6fcxFxfkYSBpE3LSuwM7iTtYU2nw91Hj6THC8Bc8z4nboIq7WvgsT/kOTYVVZzCSlXl8w=="
    "resolved" "https://registry.npmjs.org/@firebase/performance-types/-/performance-types-0.1.0.tgz"
    "version" "0.1.0"
  
  "@firebase/performance@0.5.4":
    "integrity" "sha512-ES6aS4eoMhf9CczntBADDsXhaFea/3a0FADwy/VpWXXBxVb8tqc5tPcoTwd9L5M/aDeSiQMy344rhrSsTbIZEg=="
    "resolved" "https://registry.npmjs.org/@firebase/performance/-/performance-0.5.4.tgz"
    "version" "0.5.4"
    dependencies:
      "@firebase/component" "0.5.9"
      "@firebase/installations" "0.5.4"
      "@firebase/logger" "0.3.2"
      "@firebase/util" "1.4.2"
      "tslib" "^2.1.0"
  
  "@firebase/polyfill@0.3.36":
    "integrity" "sha512-zMM9oSJgY6cT2jx3Ce9LYqb0eIpDE52meIzd/oe/y70F+v9u1LDqk5kUF5mf16zovGBWMNFmgzlsh6Wj0OsFtg=="
    "resolved" "https://registry.npmjs.org/@firebase/polyfill/-/polyfill-0.3.36.tgz"
    "version" "0.3.36"
    dependencies:
      "core-js" "3.6.5"
      "promise-polyfill" "8.1.3"
      "whatwg-fetch" "2.0.4"
  
  "@firebase/remote-config-compat@0.1.4":
    "integrity" "sha512-6WeKR7E9KJ1RIF9GZiyle1uD4IsIPUBKUnUnFkQhj3FV6cGvQwbeG0rbh7QQLvd0IWuh9lABYjHXWp+rGHQk8A=="
    "resolved" "https://registry.npmjs.org/@firebase/remote-config-compat/-/remote-config-compat-0.1.4.tgz"
    "version" "0.1.4"
    dependencies:
      "@firebase/component" "0.5.9"
      "@firebase/logger" "0.3.2"
      "@firebase/remote-config" "0.3.3"
      "@firebase/remote-config-types" "0.2.0"
      "@firebase/util" "1.4.2"
      "tslib" "^2.1.0"
  
  "@firebase/remote-config-types@0.2.0":
    "integrity" "sha512-hqK5sCPeZvcHQ1D6VjJZdW6EexLTXNMJfPdTwbD8NrXUw6UjWC4KWhLK/TSlL0QPsQtcKRkaaoP+9QCgKfMFPw=="
    "resolved" "https://registry.npmjs.org/@firebase/remote-config-types/-/remote-config-types-0.2.0.tgz"
    "version" "0.2.0"
  
  "@firebase/remote-config@0.3.3":
    "integrity" "sha512-9hZWfB3k3IYsjHbWeUfhv/SDCcOgv/JMJpLXlUbTppXPm1IZ3X9ZW4I9bS86gGYr7m/kSv99U0oxQ7N9PoR8Iw=="
    "resolved" "https://registry.npmjs.org/@firebase/remote-config/-/remote-config-0.3.3.tgz"
    "version" "0.3.3"
    dependencies:
      "@firebase/component" "0.5.9"
      "@firebase/installations" "0.5.4"
      "@firebase/logger" "0.3.2"
      "@firebase/util" "1.4.2"
      "tslib" "^2.1.0"
  
  "@firebase/storage-compat@0.1.8":
    "integrity" "sha512-L5R0DQoHCDKIgcBbqTx+6+RQ2533WFKeV3cfLAZCTGjyMUustj0eYDsr7fLhGexwsnpT3DaxhlbzT3icUWoDaA=="
    "resolved" "https://registry.npmjs.org/@firebase/storage-compat/-/storage-compat-0.1.8.tgz"
    "version" "0.1.8"
    dependencies:
      "@firebase/component" "0.5.9"
      "@firebase/storage" "0.9.0"
      "@firebase/storage-types" "0.6.0"
      "@firebase/util" "1.4.2"
      "tslib" "^2.1.0"
  
  "@firebase/storage-types@0.6.0":
    "integrity" "sha512-1LpWhcCb1ftpkP/akhzjzeFxgVefs6eMD2QeKiJJUGH1qOiows2w5o0sKCUSQrvrRQS1lz3SFGvNR1Ck/gqxeA=="
    "resolved" "https://registry.npmjs.org/@firebase/storage-types/-/storage-types-0.6.0.tgz"
    "version" "0.6.0"
  
  "@firebase/storage@0.9.0":
    "integrity" "sha512-1gSYdrwP9kECmugH9L3tvNMvSjnNJGamj91rrESOFk2ZHDO93qKR90awc68NnhmzFAJOT/eJzVm35LKU6SqUNg=="
    "resolved" "https://registry.npmjs.org/@firebase/storage/-/storage-0.9.0.tgz"
    "version" "0.9.0"
    dependencies:
      "@firebase/component" "0.5.9"
      "@firebase/util" "1.4.2"
      "node-fetch" "2.6.5"
      "tslib" "^2.1.0"
  
  "@firebase/util@1.4.2", "@firebase/util@1.x":
    "integrity" "sha512-JMiUo+9QE9lMBvEtBjqsOFdmJgObFvi7OL1A0uFGwTmlCI1ZeNPOEBrwXkgTOelVCdiMO15mAebtEyxFuQ6FsA=="
    "resolved" "https://registry.npmjs.org/@firebase/util/-/util-1.4.2.tgz"
    "version" "1.4.2"
    dependencies:
      "tslib" "^2.1.0"
  
  "@firebase/webchannel-wrapper@0.6.1":
    "integrity" "sha512-9FqhNjKQWpQ3fGnSOCovHOm+yhhiorKEqYLAfd525jWavunDJcx8rOW6i6ozAh+FbwcYMkL7b+3j4UR/30MpoQ=="
    "resolved" "https://registry.npmjs.org/@firebase/webchannel-wrapper/-/webchannel-wrapper-0.6.1.tgz"
    "version" "0.6.1"
  
  "@grpc/grpc-js@^1.3.2":
    "integrity" "sha512-a6222b7Dl6fIlMgzVl7e+NiRoLiZFbpcwvBH2Oli56Bn7W4/3Ld+86hK4ffPn5rx2DlDidmIcvIJiOQXyhv9gA=="
    "resolved" "https://registry.npmjs.org/@grpc/grpc-js/-/grpc-js-1.4.4.tgz"
    "version" "1.4.4"
    dependencies:
      "@grpc/proto-loader" "^0.6.4"
      "@types/node" ">=12.12.47"
  
  "@grpc/proto-loader@^0.6.0", "@grpc/proto-loader@^0.6.4":
    "integrity" "sha512-QzTPIyJxU0u+r2qGe8VMl3j/W2ryhEvBv7hc42OjYfthSj370fUrb7na65rG6w3YLZS/fb8p89iTBobfWGDgdw=="
    "resolved" "https://registry.npmjs.org/@grpc/proto-loader/-/proto-loader-0.6.7.tgz"
    "version" "0.6.7"
    dependencies:
      "@types/long" "^4.0.1"
      "lodash.camelcase" "^4.3.0"
      "long" "^4.0.0"
      "protobufjs" "^6.10.0"
      "yargs" "^16.1.1"
  
  "@protobufjs/aspromise@^1.1.1", "@protobufjs/aspromise@^1.1.2":
    "integrity" "sha1-m4sMxmPWaafY9vXQiToU00jzD78="
    "resolved" "https://registry.npmjs.org/@protobufjs/aspromise/-/aspromise-1.1.2.tgz"
    "version" "1.1.2"
  
  "@protobufjs/base64@^1.1.2":
    "integrity" "sha512-AZkcAA5vnN/v4PDqKyMR5lx7hZttPDgClv83E//FMNhR2TMcLUhfRUBHCmSl0oi9zMgDDqRUJkSxO3wm85+XLg=="
    "resolved" "https://registry.npmjs.org/@protobufjs/base64/-/base64-1.1.2.tgz"
    "version" "1.1.2"
  
  "@protobufjs/codegen@^2.0.4":
    "integrity" "sha512-YyFaikqM5sH0ziFZCN3xDC7zeGaB/d0IUb9CATugHWbd1FRFwWwt4ld4OYMPWu5a3Xe01mGAULCdqhMlPl29Jg=="
    "resolved" "https://registry.npmjs.org/@protobufjs/codegen/-/codegen-2.0.4.tgz"
    "version" "2.0.4"
  
  "@protobufjs/eventemitter@^1.1.0":
    "integrity" "sha1-NVy8mLr61ZePntCV85diHx0Ga3A="
    "resolved" "https://registry.npmjs.org/@protobufjs/eventemitter/-/eventemitter-1.1.0.tgz"
    "version" "1.1.0"
  
  "@protobufjs/fetch@^1.1.0":
    "integrity" "sha1-upn7WYYUr2VwDBYZ/wbUVLDYTEU="
    "resolved" "https://registry.npmjs.org/@protobufjs/fetch/-/fetch-1.1.0.tgz"
    "version" "1.1.0"
    dependencies:
      "@protobufjs/aspromise" "^1.1.1"
      "@protobufjs/inquire" "^1.1.0"
  
  "@protobufjs/float@^1.0.2":
    "integrity" "sha1-Xp4avctz/Ap8uLKR33jIy9l7h9E="
    "resolved" "https://registry.npmjs.org/@protobufjs/float/-/float-1.0.2.tgz"
    "version" "1.0.2"
  
  "@protobufjs/inquire@^1.1.0":
    "integrity" "sha1-/yAOPnzyQp4tyvwRQIKOjMY48Ik="
    "resolved" "https://registry.npmjs.org/@protobufjs/inquire/-/inquire-1.1.0.tgz"
    "version" "1.1.0"
  
  "@protobufjs/path@^1.1.2":
    "integrity" "sha1-bMKyDFya1q0NzP0hynZz2Nf79o0="
    "resolved" "https://registry.npmjs.org/@protobufjs/path/-/path-1.1.2.tgz"
    "version" "1.1.2"
  
  "@protobufjs/pool@^1.1.0":
    "integrity" "sha1-Cf0V8tbTq/qbZbw2ZQbWrXhG/1Q="
    "resolved" "https://registry.npmjs.org/@protobufjs/pool/-/pool-1.1.0.tgz"
    "version" "1.1.0"
  
  "@protobufjs/utf8@^1.1.0":
    "integrity" "sha1-p3c2C1s5oaLlEG+OhY8v0tBgxXA="
    "resolved" "https://registry.npmjs.org/@protobufjs/utf8/-/utf8-1.1.0.tgz"
    "version" "1.1.0"
  
  "@rollup/pluginutils@^4.1.1":
    "integrity" "sha512-clDjivHqWGXi7u+0d2r2sBi4Ie6VLEAzWMIkvJLnDmxoOhBYOTfzGbOQBA32THHm11/LiJbd01tJUpJsbshSWQ=="
    "resolved" "https://registry.npmjs.org/@rollup/pluginutils/-/pluginutils-4.1.1.tgz"
    "version" "4.1.1"
    dependencies:
      "estree-walker" "^2.0.1"
      "picomatch" "^2.2.2"
  
  "@types/hoist-non-react-statics@^3.3.0":
    "integrity" "sha512-iMIqiko6ooLrTh1joXodJK5X9xeEALT1kM5G3ZLhD3hszxBdIEd5C75U834D9mLcINgD4OyZf5uQXjkuYydWvA=="
    "resolved" "https://registry.npmjs.org/@types/hoist-non-react-statics/-/hoist-non-react-statics-3.3.1.tgz"
    "version" "3.3.1"
    dependencies:
      "@types/react" "*"
      "hoist-non-react-statics" "^3.3.0"
  
  "@types/long@^4.0.1":
    "integrity" "sha512-5tXH6Bx/kNGd3MgffdmP4dy2Z+G4eaXw0SE81Tq3BNadtnMR5/ySMzX4SLEzHJzSmPNn4HIdpQsBvXMUykr58w=="
    "resolved" "https://registry.npmjs.org/@types/long/-/long-4.0.1.tgz"
    "version" "4.0.1"
  
  "@types/node@>=12.12.47", "@types/node@>=13.7.0":
    "integrity" "sha512-+2Iggwg7PxoO5Kyhvsq9VarmPbIelXP070HMImEpbtGCoyWNINQj4wzjbQCXzdHTRXnqufutJb5KAURZANNBAw=="
    "resolved" "https://registry.npmjs.org/@types/node/-/node-16.11.12.tgz"
    "version" "16.11.12"
  
  "@types/prop-types@*":
    "integrity" "sha512-rZ5drC/jWjrArrS8BR6SIr4cWpW09RNTYt9AMZo3Jwwif+iacXAqgVjm0B0Bv/S1jhDXKHqRVNCbACkJ89RAnQ=="
    "resolved" "https://registry.npmjs.org/@types/prop-types/-/prop-types-15.7.4.tgz"
    "version" "15.7.4"
  
  "@types/react-redux@^7.1.20":
    "integrity" "sha512-q42es4c8iIeTgcnB+yJgRTTzftv3eYYvCZOh1Ckn2eX/3o5TdsQYKUWpLoLuGlcY/p+VAhV9IOEZJcWk/vfkXw=="
    "resolved" "https://registry.npmjs.org/@types/react-redux/-/react-redux-7.1.20.tgz"
    "version" "7.1.20"
    dependencies:
      "@types/hoist-non-react-statics" "^3.3.0"
      "@types/react" "*"
      "hoist-non-react-statics" "^3.3.0"
      "redux" "^4.0.0"
  
  "@types/react@*":
    "integrity" "sha512-2FS1oTqBGcH/s0E+CjrCCR9+JMpsu9b69RTFO+40ua43ZqP5MmQ4iUde/dMjWR909KxZwmOQIFq6AV6NjEG5xg=="
    "resolved" "https://registry.npmjs.org/@types/react/-/react-17.0.37.tgz"
    "version" "17.0.37"
    dependencies:
      "@types/prop-types" "*"
      "@types/scheduler" "*"
      "csstype" "^3.0.2"
  
  "@types/scheduler@*":
    "integrity" "sha512-hppQEBDmlwhFAXKJX2KnWLYu5yMfi91yazPb2l+lbJiwW+wdo1gNeRA+3RgNSO39WYX2euey41KEwnqesU2Jew=="
    "resolved" "https://registry.npmjs.org/@types/scheduler/-/scheduler-0.16.2.tgz"
    "version" "0.16.2"
  
  "@vitejs/plugin-react@^1.0.0":
    "integrity" "sha512-hRAqG6/lYf0mfDm/1r0U81vwPWMpyi87e4bFK+LvVQQeIgdh6TwvfuF20waenSGSumz6JH2bfk9DbxdgDLRp/w=="
    "resolved" "https://registry.npmjs.org/@vitejs/plugin-react/-/plugin-react-1.1.0.tgz"
    "version" "1.1.0"
    dependencies:
      "@babel/core" "^7.16.0"
      "@babel/plugin-transform-react-jsx" "^7.16.0"
      "@babel/plugin-transform-react-jsx-development" "^7.16.0"
      "@babel/plugin-transform-react-jsx-self" "^7.16.0"
      "@babel/plugin-transform-react-jsx-source" "^7.16.0"
      "@rollup/pluginutils" "^4.1.1"
      "react-refresh" "^0.11.0"
      "resolve" "^1.20.0"
  
  "ansi-regex@^5.0.1":
    "integrity" "sha512-quJQXlTSUGL2LH9SUXo8VwsY4soanhgo6LNSm84E1LBcE8s3O0wpdiRzyR9z/ZZJMlMWv37qOOb9pdJlMUEKFQ=="
    "resolved" "https://registry.npmjs.org/ansi-regex/-/ansi-regex-5.0.1.tgz"
    "version" "5.0.1"
  
  "ansi-styles@^3.2.1":
    "integrity" "sha512-VT0ZI6kZRdTh8YyJw3SMbYm/u+NqfsAxEpWO0Pf9sq8/e94WxxOpPKx9FR1FlyCtOVDNOQ+8ntlqFxiRc+r5qA=="
    "resolved" "https://registry.npmjs.org/ansi-styles/-/ansi-styles-3.2.1.tgz"
    "version" "3.2.1"
    dependencies:
      "color-convert" "^1.9.0"
  
  "ansi-styles@^4.0.0":
    "integrity" "sha512-zbB9rCJAT1rbjiVDb2hqKFHNYLxgtk8NURxZ3IZwD3F6NtxbXZQCnnSi1Lkx+IDohdPlFp222wVALIheZJQSEg=="
    "resolved" "https://registry.npmjs.org/ansi-styles/-/ansi-styles-4.3.0.tgz"
    "version" "4.3.0"
    dependencies:
      "color-convert" "^2.0.1"
  
  "babel-plugin-styled-components@>= 1.12.0":
    "integrity" "sha512-7eG5NE8rChnNTDxa6LQfynwgHTVOYYaHJbUYSlOhk8QBXIQiMBKq4gyfHBBKPrxUcVBXVJL61ihduCpCQbuNbw=="
    "resolved" "https://registry.npmjs.org/babel-plugin-styled-components/-/babel-plugin-styled-components-2.0.2.tgz"
    "version" "2.0.2"
    dependencies:
      "@babel/helper-annotate-as-pure" "^7.16.0"
      "@babel/helper-module-imports" "^7.16.0"
      "babel-plugin-syntax-jsx" "^6.18.0"
      "lodash" "^4.17.11"
  
  "babel-plugin-syntax-jsx@^6.18.0":
    "integrity" "sha1-CvMqmm4Tyno/1QaeYtew9Y0NiUY="
    "resolved" "https://registry.npmjs.org/babel-plugin-syntax-jsx/-/babel-plugin-syntax-jsx-6.18.0.tgz"
    "version" "6.18.0"
  
  "balanced-match@^1.0.0":
    "integrity" "sha512-3oSeUO0TMV67hN1AmbXsK4yaqU7tjiHlbxRDZOpH0KW9+CeX4bRAaX0Anxt0tx2MrpRpWwQaPwIlISEJhYU5Pw=="
    "resolved" "https://registry.npmjs.org/balanced-match/-/balanced-match-1.0.2.tgz"
    "version" "1.0.2"
  
  "brace-expansion@^1.1.7":
    "integrity" "sha512-iCuPHDFgrHX7H2vEI/5xpz07zSHB00TpugqhmYtVmMO6518mCuRMoOYFldEBl0g187ufozdaHgWKcYFb61qGiA=="
    "resolved" "https://registry.npmjs.org/brace-expansion/-/brace-expansion-1.1.11.tgz"
    "version" "1.1.11"
    dependencies:
      "balanced-match" "^1.0.0"
      "concat-map" "0.0.1"
  
  "browserslist@^4.17.5":
    "integrity" "sha512-8ScCzdpPwR2wQh8IT82CA2VgDwjHyqMovPBZSNH54+tm4Jk2pCuv90gmAdH6J84OCRWi0b4gMe6O6XPXuJnjgQ=="
    "resolved" "https://registry.npmjs.org/browserslist/-/browserslist-4.18.1.tgz"
    "version" "4.18.1"
    dependencies:
      "caniuse-lite" "^1.0.30001280"
      "electron-to-chromium" "^1.3.896"
      "escalade" "^3.1.1"
      "node-releases" "^2.0.1"
      "picocolors" "^1.0.0"
  
  "camelize@^1.0.0":
    "integrity" "sha1-FkpUg+Yw+kMh5a8HAg5TGDGyYJs="
    "resolved" "https://registry.npmjs.org/camelize/-/camelize-1.0.0.tgz"
    "version" "1.0.0"
  
  "caniuse-lite@^1.0.30001280":
    "integrity" "sha512-9RoKo841j1GQFSJz/nCXOj0sD7tHBtlowjYlrqIUS812x9/emfBLBt6IyMz1zIaYc/eRL8Cs6HPUVi2Hzq4sIg=="
    "resolved" "https://registry.npmjs.org/caniuse-lite/-/caniuse-lite-1.0.30001283.tgz"
    "version" "1.0.30001283"
  
  "chalk@^2.0.0":
    "integrity" "sha512-Mti+f9lpJNcwF4tWV8/OrTTtF1gZi+f8FqlyAdouralcFWFQWF2+NgCHShjkCb+IFBLq9buZwE1xckQU4peSuQ=="
    "resolved" "https://registry.npmjs.org/chalk/-/chalk-2.4.2.tgz"
    "version" "2.4.2"
    dependencies:
      "ansi-styles" "^3.2.1"
      "escape-string-regexp" "^1.0.5"
      "supports-color" "^5.3.0"
  
  "cliui@^7.0.2":
    "integrity" "sha512-OcRE68cOsVMXp1Yvonl/fzkQOyjLSu/8bhPDfQt0e0/Eb283TKP20Fs2MqoPsr9SwA595rRCA+QMzYc9nBP+JQ=="
    "resolved" "https://registry.npmjs.org/cliui/-/cliui-7.0.4.tgz"
    "version" "7.0.4"
    dependencies:
      "string-width" "^4.2.0"
      "strip-ansi" "^6.0.0"
      "wrap-ansi" "^7.0.0"
  
  "color-convert@^1.9.0":
    "integrity" "sha512-QfAUtd+vFdAtFQcC8CCyYt1fYWxSqAiK2cSD6zDB8N3cpsEBAvRxp9zOGg6G/SHHJYAT88/az/IuDGALsNVbGg=="
    "resolved" "https://registry.npmjs.org/color-convert/-/color-convert-1.9.3.tgz"
    "version" "1.9.3"
    dependencies:
      "color-name" "1.1.3"
  
  "color-convert@^2.0.1":
    "integrity" "sha512-RRECPsj7iu/xb5oKYcsFHSppFNnsj/52OVTRKb4zP5onXwVF3zVmmToNcOfGC+CRDpfK/U584fMg38ZHCaElKQ=="
    "resolved" "https://registry.npmjs.org/color-convert/-/color-convert-2.0.1.tgz"
    "version" "2.0.1"
    dependencies:
      "color-name" "~1.1.4"
  
  "color-name@~1.1.4":
    "integrity" "sha512-dOy+3AuW3a2wNbZHIuMZpTcgjGuLU/uBL/ubcZF9OXbDo8ff4O8yVp5Bf0efS8uEoYo5q4Fx7dY9OgQGXgAsQA=="
    "resolved" "https://registry.npmjs.org/color-name/-/color-name-1.1.4.tgz"
    "version" "1.1.4"
  
  "color-name@1.1.3":
    "integrity" "sha1-p9BVi9icQveV3UIyj3QIMcpTvCU="
    "resolved" "https://registry.npmjs.org/color-name/-/color-name-1.1.3.tgz"
    "version" "1.1.3"
  
  "concat-map@0.0.1":
    "integrity" "sha1-2Klr13/Wjfd5OnMDajug1UBdR3s="
    "resolved" "https://registry.npmjs.org/concat-map/-/concat-map-0.0.1.tgz"
    "version" "0.0.1"
  
  "convert-source-map@^1.7.0":
    "integrity" "sha512-+OQdjP49zViI/6i7nIJpA8rAl4sV/JdPfU9nZs3VqOwGIgizICvuN2ru6fMd+4llL0tar18UYJXfZ/TWtmhUjA=="
    "resolved" "https://registry.npmjs.org/convert-source-map/-/convert-source-map-1.8.0.tgz"
    "version" "1.8.0"
    dependencies:
      "safe-buffer" "~5.1.1"
  
  "core-js@3.6.5":
    "integrity" "sha512-vZVEEwZoIsI+vPEuoF9Iqf5H7/M3eeQqWlQnYa8FSKKePuYTf5MWnxb5SDAzCa60b3JBRS5g9b+Dq7b1y/RCrA=="
    "resolved" "https://registry.npmjs.org/core-js/-/core-js-3.6.5.tgz"
    "version" "3.6.5"
  
  "core-util-is@~1.0.0":
    "integrity" "sha512-ZQBvi1DcpJ4GDqanjucZ2Hj3wEO5pZDS89BWbkcrvdxksJorwUDDZamX9ldFkp9aw2lmBDLgkObEA4DWNJ9FYQ=="
    "resolved" "https://registry.npmjs.org/core-util-is/-/core-util-is-1.0.3.tgz"
    "version" "1.0.3"
  
  "css-color-keywords@^1.0.0":
    "integrity" "sha1-/qJhbcZ2spYmhrOvjb2+GAskTgU="
    "resolved" "https://registry.npmjs.org/css-color-keywords/-/css-color-keywords-1.0.0.tgz"
    "version" "1.0.0"
  
  "css-to-react-native@^3.0.0":
    "integrity" "sha512-Ro1yETZA813eoyUp2GDBhG2j+YggidUmzO1/v9eYBKR2EHVEniE2MI/NqpTQ954BMpTPZFsGNPm46qFB9dpaPQ=="
    "resolved" "https://registry.npmjs.org/css-to-react-native/-/css-to-react-native-3.0.0.tgz"
    "version" "3.0.0"
    dependencies:
      "camelize" "^1.0.0"
      "css-color-keywords" "^1.0.0"
      "postcss-value-parser" "^4.0.2"
  
  "csstype@^3.0.2":
    "integrity" "sha512-2u44ZG2OcNUO9HDp/Jl8C07x6pU/eTR3ncV91SiK3dhG9TWvRVsCoJw14Ckx5DgWkzGA3waZWO3d7pgqpUI/XA=="
    "resolved" "https://registry.npmjs.org/csstype/-/csstype-3.0.10.tgz"
    "version" "3.0.10"
  
  "debug@^4.1.0":
    "integrity" "sha512-/zxw5+vh1Tfv+4Qn7a5nsbcJKPaSvCDhojn6FEl9vupwK2VCSDtEiEtqr8DFtzYFOdz63LBkxec7DYuc2jon6Q=="
    "resolved" "https://registry.npmjs.org/debug/-/debug-4.3.3.tgz"
    "version" "4.3.3"
    dependencies:
      "ms" "2.1.2"
  
  "electron-to-chromium@^1.3.896":
    "integrity" "sha512-teHtgwcmVcL46jlFvAaqjyiTLWuMrUQO1JqV303JKB4ysXG6m8fXSFhbjal9st0r9mNskI22AraJZorb1VcLVg=="
    "resolved" "https://registry.npmjs.org/electron-to-chromium/-/electron-to-chromium-1.4.4.tgz"
    "version" "1.4.4"
  
  "emoji-regex@^8.0.0":
    "integrity" "sha512-MSjYzcWNOA0ewAHpz0MxpYFvwg6yjy1NG3xteoqz644VCo/RPgnr1/GGt+ic3iJTzQ8Eu3TdM14SawnVUmGE6A=="
    "resolved" "https://registry.npmjs.org/emoji-regex/-/emoji-regex-8.0.0.tgz"
    "version" "8.0.0"
  
  "esbuild-windows-64@0.13.15":
    "integrity" "sha512-9aMsPRGDWCd3bGjUIKG/ZOJPKsiztlxl/Q3C1XDswO6eNX/Jtwu4M+jb6YDH9hRSUflQWX0XKAfWzgy5Wk54JQ=="
    "resolved" "https://registry.npmjs.org/esbuild-windows-64/-/esbuild-windows-64-0.13.15.tgz"
    "version" "0.13.15"
  
  "esbuild@^0.13.2":
    "integrity" "sha512-raCxt02HBKv8RJxE8vkTSCXGIyKHdEdGfUmiYb8wnabnaEmHzyW7DCHb5tEN0xU8ryqg5xw54mcwnYkC4x3AIw=="
    "resolved" "https://registry.npmjs.org/esbuild/-/esbuild-0.13.15.tgz"
    "version" "0.13.15"
    optionalDependencies:
      "esbuild-android-arm64" "0.13.15"
      "esbuild-darwin-64" "0.13.15"
      "esbuild-darwin-arm64" "0.13.15"
      "esbuild-freebsd-64" "0.13.15"
      "esbuild-freebsd-arm64" "0.13.15"
      "esbuild-linux-32" "0.13.15"
      "esbuild-linux-64" "0.13.15"
      "esbuild-linux-arm" "0.13.15"
      "esbuild-linux-arm64" "0.13.15"
      "esbuild-linux-mips64le" "0.13.15"
      "esbuild-linux-ppc64le" "0.13.15"
      "esbuild-netbsd-64" "0.13.15"
      "esbuild-openbsd-64" "0.13.15"
      "esbuild-sunos-64" "0.13.15"
      "esbuild-windows-32" "0.13.15"
      "esbuild-windows-64" "0.13.15"
      "esbuild-windows-arm64" "0.13.15"
  
  "escalade@^3.1.1":
    "integrity" "sha512-k0er2gUkLf8O0zKJiAhmkTnJlTvINGv7ygDNPbeIsX/TJjGJZHuh9B2UxbsaEkmlEo9MfhrSzmhIlhRlI2GXnw=="
    "resolved" "https://registry.npmjs.org/escalade/-/escalade-3.1.1.tgz"
    "version" "3.1.1"
  
  "escape-string-regexp@^1.0.5":
    "integrity" "sha1-G2HAViGQqN/2rjuyzwIAyhMLhtQ="
    "resolved" "https://registry.npmjs.org/escape-string-regexp/-/escape-string-regexp-1.0.5.tgz"
    "version" "1.0.5"
  
  "estree-walker@^2.0.1":
    "integrity" "sha512-Rfkk/Mp/DL7JVje3u18FxFujQlTNR2q6QfMSMB7AvCBx91NGj/ba3kCfza0f6dVDbw7YlRf/nDrn7pQrCCyQ/w=="
    "resolved" "https://registry.npmjs.org/estree-walker/-/estree-walker-2.0.2.tgz"
    "version" "2.0.2"
  
  "faye-websocket@0.11.4":
    "integrity" "sha512-CzbClwlXAuiRQAlUyfqPgvPoNKTckTPGfwZV4ZdAhVcP2lh9KUxJg2b5GkE7XbjKQ3YJnQ9z6D9ntLAlB+tP8g=="
    "resolved" "https://registry.npmjs.org/faye-websocket/-/faye-websocket-0.11.4.tgz"
    "version" "0.11.4"
    dependencies:
      "websocket-driver" ">=0.5.1"
  
  "firebase@^9.6.0":
    "integrity" "sha512-ZpChU8JIwetXxcOwoJV/IKabMyW/oLsq9l+qf3aFB7LPcxcq0yxCFQzpHnYeQeWGrn9lcqfuhS1kXpIv5Ky7EQ=="
    "resolved" "https://registry.npmjs.org/firebase/-/firebase-9.6.0.tgz"
    "version" "9.6.0"
    dependencies:
      "@firebase/analytics" "0.7.4"
      "@firebase/analytics-compat" "0.1.5"
      "@firebase/app" "0.7.10"
      "@firebase/app-check" "0.5.2"
      "@firebase/app-check-compat" "0.2.2"
      "@firebase/app-compat" "0.1.11"
      "@firebase/app-types" "0.7.0"
      "@firebase/auth" "0.19.3"
      "@firebase/auth-compat" "0.2.3"
      "@firebase/database" "0.12.4"
      "@firebase/database-compat" "0.1.4"
      "@firebase/firestore" "3.4.0"
      "@firebase/firestore-compat" "0.1.9"
      "@firebase/functions" "0.7.6"
      "@firebase/functions-compat" "0.1.7"
      "@firebase/installations" "0.5.4"
      "@firebase/messaging" "0.9.4"
      "@firebase/messaging-compat" "0.1.4"
      "@firebase/performance" "0.5.4"
      "@firebase/performance-compat" "0.1.4"
      "@firebase/polyfill" "0.3.36"
      "@firebase/remote-config" "0.3.3"
      "@firebase/remote-config-compat" "0.1.4"
      "@firebase/storage" "0.9.0"
      "@firebase/storage-compat" "0.1.8"
      "@firebase/util" "1.4.2"
  
  "fs.realpath@^1.0.0":
    "integrity" "sha1-FQStJSMVjKpA20onh8sBQRmU6k8="
    "resolved" "https://registry.npmjs.org/fs.realpath/-/fs.realpath-1.0.0.tgz"
    "version" "1.0.0"
  
  "function-bind@^1.1.1":
    "integrity" "sha512-yIovAzMX49sF8Yl58fSCWJ5svSLuaibPxXQJFLmBObTuCr0Mf1KiPopGM9NiFjiYBCbfaa2Fh6breQ6ANVTI0A=="
    "resolved" "https://registry.npmjs.org/function-bind/-/function-bind-1.1.1.tgz"
    "version" "1.1.1"
  
  "gensync@^1.0.0-beta.2":
    "integrity" "sha512-3hN7NaskYvMDLQY55gnW3NQ+mesEAepTqlg+VEbj7zzqEMBVNhzcGYYeqFo/TlYz6eQiFcp1HcsCZO+nGgS8zg=="
    "resolved" "https://registry.npmjs.org/gensync/-/gensync-1.0.0-beta.2.tgz"
    "version" "1.0.0-beta.2"
  
  "get-caller-file@^2.0.5":
    "integrity" "sha512-DyFP3BM/3YHTQOCUL/w0OZHR0lpKeGrxotcHWcqNEdnltqFwXVfhEBQ94eIo34AfQpo0rGki4cyIiftY06h2Fg=="
    "resolved" "https://registry.npmjs.org/get-caller-file/-/get-caller-file-2.0.5.tgz"
    "version" "2.0.5"
  
  "glob@^7.1.3":
    "integrity" "sha512-lmLf6gtyrPq8tTjSmrO94wBeQbFR3HbLHbuyD69wuyQkImp2hWqMGB47OX65FBkPffO641IP9jWa1z4ivqG26Q=="
    "resolved" "https://registry.npmjs.org/glob/-/glob-7.2.0.tgz"
    "version" "7.2.0"
    dependencies:
      "fs.realpath" "^1.0.0"
      "inflight" "^1.0.4"
      "inherits" "2"
      "minimatch" "^3.0.4"
      "once" "^1.3.0"
      "path-is-absolute" "^1.0.0"
  
  "globals@^11.1.0":
    "integrity" "sha512-WOBp/EEGUiIsJSp7wcv/y6MO+lV9UoncWqxuFfm8eBwzWNgyfBd6Gz+IeKQ9jCmyhoH99g15M3T+QaVHFjizVA=="
    "resolved" "https://registry.npmjs.org/globals/-/globals-11.12.0.tgz"
    "version" "11.12.0"
  
  "has-flag@^3.0.0":
    "integrity" "sha1-tdRU3CGZriJWmfNGfloH87lVuv0="
    "resolved" "https://registry.npmjs.org/has-flag/-/has-flag-3.0.0.tgz"
    "version" "3.0.0"
  
  "has@^1.0.3":
    "integrity" "sha512-f2dvO0VU6Oej7RkWJGrehjbzMAjFp5/VKPp5tTpWIV4JHHZK1/BxbFRtf/siA2SWTe09caDmVtYYzWEIbBS4zw=="
    "resolved" "https://registry.npmjs.org/has/-/has-1.0.3.tgz"
    "version" "1.0.3"
    dependencies:
      "function-bind" "^1.1.1"
  
  "history@^5.1.0":
    "integrity" "sha512-zPuQgPacm2vH2xdORvGGz1wQMuHSIB56yNAy5FnLuwOwgSYyPKptJtcMm6Ev+hRGeS+GzhbmRacHzvlESbFwDg=="
    "resolved" "https://registry.npmjs.org/history/-/history-5.1.0.tgz"
    "version" "5.1.0"
    dependencies:
      "@babel/runtime" "^7.7.6"
  
  "hoist-non-react-statics@^3.0.0", "hoist-non-react-statics@^3.3.0", "hoist-non-react-statics@^3.3.2":
    "integrity" "sha512-/gGivxi8JPKWNm/W0jSmzcMPpfpPLc3dY/6GxhX2hQ9iGj3aDfklV4ET7NjKpSinLpJ5vafa9iiGIEZg10SfBw=="
    "resolved" "https://registry.npmjs.org/hoist-non-react-statics/-/hoist-non-react-statics-3.3.2.tgz"
    "version" "3.3.2"
    dependencies:
      "react-is" "^16.7.0"
  
  "http-parser-js@>=0.5.1":
    "integrity" "sha512-x+JVEkO2PoM8qqpbPbOL3cqHPwerep7OwzK7Ay+sMQjKzaKCqWvjoXm5tqMP9tXWWTnTzAjIhXg+J99XYuPhPA=="
    "resolved" "https://registry.npmjs.org/http-parser-js/-/http-parser-js-0.5.5.tgz"
    "version" "0.5.5"
  
  "idb@3.0.2":
    "integrity" "sha512-+FLa/0sTXqyux0o6C+i2lOR0VoS60LU/jzUo5xjfY6+7sEEgy4Gz1O7yFBXvjd7N0NyIGWIRg8DcQSLEG+VSPw=="
    "resolved" "https://registry.npmjs.org/idb/-/idb-3.0.2.tgz"
    "version" "3.0.2"
  
  "immediate@~3.0.5":
    "integrity" "sha1-nbHb0Pr43m++D13V5Wu2BigN5ps="
    "resolved" "https://registry.npmjs.org/immediate/-/immediate-3.0.6.tgz"
    "version" "3.0.6"
  
  "inflight@^1.0.4":
    "integrity" "sha1-Sb1jMdfQLQwJvJEKEHW6gWW1bfk="
    "resolved" "https://registry.npmjs.org/inflight/-/inflight-1.0.6.tgz"
    "version" "1.0.6"
    dependencies:
      "once" "^1.3.0"
      "wrappy" "1"
  
  "inherits@~2.0.3", "inherits@2":
    "integrity" "sha512-k/vGaX4/Yla3WzyMCvTQOXYeIHvqOKtnqBduzTHpzpQZzAskKMhZ2K+EnBiSM9zGSoIFeMpXKxa4dYeZIQqewQ=="
    "resolved" "https://registry.npmjs.org/inherits/-/inherits-2.0.4.tgz"
    "version" "2.0.4"
  
  "is-core-module@^2.2.0":
    "integrity" "sha512-vd15qHsaqrRL7dtH6QNuy0ndJmRDrS9HAM1CAiSifNUFv4x1a0CCVsj18hJ1mShxIG6T2i1sO78MkP56r0nYRw=="
    "resolved" "https://registry.npmjs.org/is-core-module/-/is-core-module-2.8.0.tgz"
    "version" "2.8.0"
    dependencies:
      "has" "^1.0.3"
  
  "is-fullwidth-code-point@^3.0.0":
    "integrity" "sha512-zymm5+u+sCsSWyD9qNaejV3DFvhCKclKdizYaJUuHA83RLjb7nSuGnddCHGv0hk+KY7BMAlsWeK4Ueg6EV6XQg=="
    "resolved" "https://registry.npmjs.org/is-fullwidth-code-point/-/is-fullwidth-code-point-3.0.0.tgz"
    "version" "3.0.0"
  
  "isarray@~1.0.0":
    "integrity" "sha1-u5NdSFgsuhaMBoNJV6VKPgcSTxE="
    "resolved" "https://registry.npmjs.org/isarray/-/isarray-1.0.0.tgz"
    "version" "1.0.0"
  
  "js-tokens@^3.0.0 || ^4.0.0", "js-tokens@^4.0.0":
    "integrity" "sha512-RdJUflcE3cUzKiMqQgsCu06FPu9UdIJO0beYbPhHN4k6apgJtifcoCtT9bcxOpYBtpD2kCM6Sbzg4CausW/PKQ=="
    "resolved" "https://registry.npmjs.org/js-tokens/-/js-tokens-4.0.0.tgz"
    "version" "4.0.0"
  
  "jsesc@^2.5.1":
    "integrity" "sha512-OYu7XEzjkCQ3C5Ps3QIZsQfNpqoJyZZA99wd9aWd05NCtC5pWOkShK2mkL6HXQR6/Cy2lbNdPlZBpuQHXE63gA=="
    "resolved" "https://registry.npmjs.org/jsesc/-/jsesc-2.5.2.tgz"
    "version" "2.5.2"
  
  "json5@^2.1.2":
    "integrity" "sha512-f+8cldu7X/y7RAJurMEJmdoKXGB/X550w2Nr3tTbezL6RwEE/iMcm+tZnXeoZtKuOq6ft8+CqzEkrIgx1fPoQA=="
    "resolved" "https://registry.npmjs.org/json5/-/json5-2.2.0.tgz"
    "version" "2.2.0"
    dependencies:
      "minimist" "^1.2.5"
  
  "jszip@^3.6.0":
    "integrity" "sha512-ghL0tz1XG9ZEmRMcEN2vt7xabrDdqHHeykgARpmZ0BiIctWxM47Vt63ZO2dnp4QYt/xJVLLy5Zv1l/xRdh2byg=="
    "resolved" "https://registry.npmjs.org/jszip/-/jszip-3.7.1.tgz"
    "version" "3.7.1"
    dependencies:
      "lie" "~3.3.0"
      "pako" "~1.0.2"
      "readable-stream" "~2.3.6"
      "set-immediate-shim" "~1.0.1"
  
  "lie@~3.3.0":
    "integrity" "sha512-UaiMJzeWRlEujzAuw5LokY1L5ecNQYZKfmyZ9L7wDHb/p5etKaxXhohBcrw0EYby+G/NA52vRSN4N39dxHAIwQ=="
    "resolved" "https://registry.npmjs.org/lie/-/lie-3.3.0.tgz"
    "version" "3.3.0"
    dependencies:
      "immediate" "~3.0.5"
  
  "lodash.camelcase@^4.3.0":
    "integrity" "sha1-soqmKIorn8ZRA1x3EfZathkDMaY="
    "resolved" "https://registry.npmjs.org/lodash.camelcase/-/lodash.camelcase-4.3.0.tgz"
    "version" "4.3.0"
  
  "lodash@^4.17.11":
    "integrity" "sha512-v2kDEe57lecTulaDIuNTPy3Ry4gLGJ6Z1O3vE1krgXZNrsQ+LFTGHVxVjcXPs17LhbZVGedAJv8XZ1tvj5FvSg=="
    "resolved" "https://registry.npmjs.org/lodash/-/lodash-4.17.21.tgz"
    "version" "4.17.21"
  
  "long@^4.0.0":
    "integrity" "sha512-XsP+KhQif4bjX1kbuSiySJFNAehNxgLb6hPRGJ9QsUr8ajHkuXGdrHmFUTUUXhDwVX2R5bY4JNZEwbUiMhV+MA=="
    "resolved" "https://registry.npmjs.org/long/-/long-4.0.0.tgz"
    "version" "4.0.0"
  
  "loose-envify@^1.1.0", "loose-envify@^1.4.0":
    "integrity" "sha512-lyuxPGr/Wfhrlem2CL/UcnUc1zcqKAImBDzukY7Y5F/yQiNdko6+fRLevlw1HgMySw7f611UIY408EtxRSoK3Q=="
    "resolved" "https://registry.npmjs.org/loose-envify/-/loose-envify-1.4.0.tgz"
    "version" "1.4.0"
    dependencies:
      "js-tokens" "^3.0.0 || ^4.0.0"
  
  "minimatch@^3.0.4":
    "integrity" "sha512-yJHVQEhyqPLUTgt9B83PXu6W3rx4MvvHvSUvToogpwoGDOUQ+yDrR0HRot+yOCdCO7u4hX3pWft6kWBBcqh0UA=="
    "resolved" "https://registry.npmjs.org/minimatch/-/minimatch-3.0.4.tgz"
    "version" "3.0.4"
    dependencies:
      "brace-expansion" "^1.1.7"
  
  "minimist@^1.2.5":
    "integrity" "sha512-FM9nNUYrRBAELZQT3xeZQ7fmMOBg6nWNmJKTcgsJeaLstP/UODVpGsr5OhXhhXg6f+qtJ8uiZ+PUxkDWcgIXLw=="
    "resolved" "https://registry.npmjs.org/minimist/-/minimist-1.2.5.tgz"
    "version" "1.2.5"
  
  "ms@2.1.2":
    "integrity" "sha512-sGkPx+VjMtmA6MX27oA4FBFELFCZZ4S4XqeGOXCv68tT+jb3vk/RyaKWP0PTKyWtmLSM0b+adUTEvbs1PEaH2w=="
    "resolved" "https://registry.npmjs.org/ms/-/ms-2.1.2.tgz"
    "version" "2.1.2"
  
  "nanoid@^3.1.30":
    "integrity" "sha512-zJpuPDwOv8D2zq2WRoMe1HsfZthVewpel9CAvTfc/2mBD1uUT/agc5f7GHGWXlYkFvi1mVxe4IjvP2HNrop7nQ=="
    "resolved" "https://registry.npmjs.org/nanoid/-/nanoid-3.1.30.tgz"
    "version" "3.1.30"
  
  "node-fetch@2.6.5":
    "integrity" "sha512-mmlIVHJEu5rnIxgEgez6b9GgWXbkZj5YZ7fx+2r94a2E+Uirsp6HsPTPlomfdHtpt/B0cdKviwkoaM6pyvUOpQ=="
    "resolved" "https://registry.npmjs.org/node-fetch/-/node-fetch-2.6.5.tgz"
    "version" "2.6.5"
    dependencies:
      "whatwg-url" "^5.0.0"
  
  "node-releases@^2.0.1":
    "integrity" "sha512-CqyzN6z7Q6aMeF/ktcMVTzhAHCEpf8SOarwpzpf8pNBY2k5/oM34UHldUwp8VKI7uxct2HxSRdJjBaZeESzcxA=="
    "resolved" "https://registry.npmjs.org/node-releases/-/node-releases-2.0.1.tgz"
    "version" "2.0.1"
  
  "object-assign@^4.1.1":
    "integrity" "sha1-IQmtx5ZYh8/AXLvUQsrIv7s2CGM="
    "resolved" "https://registry.npmjs.org/object-assign/-/object-assign-4.1.1.tgz"
    "version" "4.1.1"
  
  "once@^1.3.0":
    "integrity" "sha1-WDsap3WWHUsROsF9nFC6753Xa9E="
    "resolved" "https://registry.npmjs.org/once/-/once-1.4.0.tgz"
    "version" "1.4.0"
    dependencies:
      "wrappy" "1"
  
  "pako@~1.0.2":
    "integrity" "sha512-4hLB8Py4zZce5s4yd9XzopqwVv/yGNhV1Bl8NTmCq1763HeK2+EwVTv+leGeL13Dnh2wfbqowVPXCIO0z4taYw=="
    "resolved" "https://registry.npmjs.org/pako/-/pako-1.0.11.tgz"
    "version" "1.0.11"
  
  "path-is-absolute@^1.0.0":
    "integrity" "sha1-F0uSaHNVNP+8es5r9TpanhtcX18="
    "resolved" "https://registry.npmjs.org/path-is-absolute/-/path-is-absolute-1.0.1.tgz"
    "version" "1.0.1"
  
  "path-parse@^1.0.6":
    "integrity" "sha512-LDJzPVEEEPR+y48z93A0Ed0yXb8pAByGWo/k5YYdYgpY2/2EsOsksJrq7lOHxryrVOn1ejG6oAp8ahvOIQD8sw=="
    "resolved" "https://registry.npmjs.org/path-parse/-/path-parse-1.0.7.tgz"
    "version" "1.0.7"
  
  "picocolors@^1.0.0":
    "integrity" "sha512-1fygroTLlHu66zi26VoTDv8yRgm0Fccecssto+MhsZ0D/DGW2sm8E8AjW7NU5VVTRt5GxbeZ5qBuJr+HyLYkjQ=="
    "resolved" "https://registry.npmjs.org/picocolors/-/picocolors-1.0.0.tgz"
    "version" "1.0.0"
  
  "picomatch@^2.2.2":
    "integrity" "sha512-lY1Q/PiJGC2zOv/z391WOTD+Z02bCgsFfvxoXXf6h7kv9o+WmsmzYqrAwY63sNgOxE4xEdq0WyUnXfKeBrSvYw=="
    "resolved" "https://registry.npmjs.org/picomatch/-/picomatch-2.3.0.tgz"
    "version" "2.3.0"
  
  "postcss-value-parser@^4.0.2":
    "integrity" "sha512-1NNCs6uurfkVbeXG4S8JFT9t19m45ICnif8zWLd5oPSZ50QnwMfK+H3jv408d4jw/7Bttv5axS5IiHoLaVNHeQ=="
    "resolved" "https://registry.npmjs.org/postcss-value-parser/-/postcss-value-parser-4.2.0.tgz"
    "version" "4.2.0"
  
  "postcss@^8.3.8":
    "integrity" "sha512-joU6fBsN6EIer28Lj6GDFoC/5yOZzLCfn0zHAn/MYXI7aPt4m4hK5KC5ovEZXy+lnCjmYIbQWngvju2ddyEr8Q=="
    "resolved" "https://registry.npmjs.org/postcss/-/postcss-8.4.4.tgz"
    "version" "8.4.4"
    dependencies:
      "nanoid" "^3.1.30"
      "picocolors" "^1.0.0"
      "source-map-js" "^1.0.1"
  
  "process-nextick-args@~2.0.0":
    "integrity" "sha512-3ouUOpQhtgrbOa17J7+uxOTpITYWaGP7/AhoR3+A+/1e9skrzelGi/dXzEYyvbxubEF6Wn2ypscTKiKJFFn1ag=="
    "resolved" "https://registry.npmjs.org/process-nextick-args/-/process-nextick-args-2.0.1.tgz"
    "version" "2.0.1"
  
  "promise-polyfill@8.1.3":
    "integrity" "sha512-MG5r82wBzh7pSKDRa9y+vllNHz3e3d4CNj1PQE4BQYxLme0gKYYBm9YENq+UkEikyZ0XbiGWxYlVw3Rl9O/U8g=="
    "resolved" "https://registry.npmjs.org/promise-polyfill/-/promise-polyfill-8.1.3.tgz"
    "version" "8.1.3"
  
  "prop-types@^15.7.2":
    "integrity" "sha512-8QQikdH7//R2vurIJSutZ1smHYTcLpRWEOlHnzcWHmBYrOGUysKwSsrC89BCiFj3CbrfJ/nXFdJepOVrY1GCHQ=="
    "resolved" "https://registry.npmjs.org/prop-types/-/prop-types-15.7.2.tgz"
    "version" "15.7.2"
    dependencies:
      "loose-envify" "^1.4.0"
      "object-assign" "^4.1.1"
      "react-is" "^16.8.1"
  
  "protobufjs@^6.10.0":
    "integrity" "sha512-4BQJoPooKJl2G9j3XftkIXjoC9C0Av2NOrWmbLWT1vH32GcSUHjM0Arra6UfTsVyfMAuFzaLucXn1sadxJydAw=="
    "resolved" "https://registry.npmjs.org/protobufjs/-/protobufjs-6.11.2.tgz"
    "version" "6.11.2"
    dependencies:
      "@protobufjs/aspromise" "^1.1.2"
      "@protobufjs/base64" "^1.1.2"
      "@protobufjs/codegen" "^2.0.4"
      "@protobufjs/eventemitter" "^1.1.0"
      "@protobufjs/fetch" "^1.1.0"
      "@protobufjs/float" "^1.0.2"
      "@protobufjs/inquire" "^1.1.0"
      "@protobufjs/path" "^1.1.2"
      "@protobufjs/pool" "^1.1.0"
      "@protobufjs/utf8" "^1.1.0"
      "@types/long" "^4.0.1"
      "@types/node" ">=13.7.0"
      "long" "^4.0.0"
  
  "react-dom@>= 16.8.0", "react-dom@>=16.8", "react-dom@17.0.0":
    "integrity" "sha512-OGnFbxCjI2TMAZYMVxi4hqheJiN8rCEVVrL7XIGzCB6beNc4Am8M47HtkvxODZw9QgjmAPKpLba9FTu4fC1byA=="
    "resolved" "https://registry.npmjs.org/react-dom/-/react-dom-17.0.0.tgz"
    "version" "17.0.0"
    dependencies:
      "loose-envify" "^1.1.0"
      "object-assign" "^4.1.1"
      "scheduler" "^0.20.0"
  
  "react-is@^16.7.0", "react-is@^16.8.1", "react-is@>= 16.8.0":
    "integrity" "sha512-24e6ynE2H+OKt4kqsOvNd8kBpV65zoxbA4BVsEOB3ARVWQki/DHzaUoC5KuON/BiccDaCCTZBuOcfZs70kR8bQ=="
    "resolved" "https://registry.npmjs.org/react-is/-/react-is-16.13.1.tgz"
    "version" "16.13.1"
  
  "react-is@^17.0.2":
    "integrity" "sha512-w2GsyukL62IJnlaff/nRegPQR94C/XXamvMWmSHRJ4y7Ts/4ocGRmTHvOs8PSE6pB3dWOrD/nueuU5sduBsQ4w=="
    "resolved" "https://registry.npmjs.org/react-is/-/react-is-17.0.2.tgz"
    "version" "17.0.2"
  
  "react-redux@^7.2.6":
    "integrity" "sha512-10RPdsz0UUrRL1NZE0ejTkucnclYSgXp5q+tB5SWx2qeG2ZJQJyymgAhwKy73yiL/13btfB6fPr+rgbMAaZIAQ=="
    "resolved" "https://registry.npmjs.org/react-redux/-/react-redux-7.2.6.tgz"
    "version" "7.2.6"
    dependencies:
      "@babel/runtime" "^7.15.4"
      "@types/react-redux" "^7.1.20"
      "hoist-non-react-statics" "^3.3.2"
      "loose-envify" "^1.4.0"
      "prop-types" "^15.7.2"
      "react-is" "^17.0.2"
  
  "react-refresh@^0.11.0":
    "integrity" "sha512-F27qZr8uUqwhWZboondsPx8tnC3Ct3SxZA3V5WyEvujRyyNv0VYPhoBg1gZ8/MV5tubQp76Trw8lTv9hzRBa+A=="
    "resolved" "https://registry.npmjs.org/react-refresh/-/react-refresh-0.11.0.tgz"
    "version" "0.11.0"
  
  "react-router-dom@^6.0.2":
    "integrity" "sha512-cOpJ4B6raFutr0EG8O/M2fEoyQmwvZWomf1c6W2YXBZuFBx8oTk/zqjXghwScyhfrtnt0lANXV2182NQblRxFA=="
    "resolved" "https://registry.npmjs.org/react-router-dom/-/react-router-dom-6.0.2.tgz"
    "version" "6.0.2"
    dependencies:
      "history" "^5.1.0"
      "react-router" "6.0.2"
  
  "react-router@6.0.2":
    "integrity" "sha512-8/Wm3Ed8t7TuedXjAvV39+c8j0vwrI5qVsYqjFr5WkJjsJpEvNSoLRUbtqSEYzqaTUj1IV+sbPJxvO+accvU0Q=="
    "resolved" "https://registry.npmjs.org/react-router/-/react-router-6.0.2.tgz"
    "version" "6.0.2"
    dependencies:
      "history" "^5.1.0"
  
  "react@^16.8.3 || ^17", "react@>= 16.8.0", "react@>=16.8", "react@17.0.0":
    "integrity" "sha512-rG9bqS3LMuetoSUKHN8G3fMNuQOePKDThK6+2yXFWtoeTDLVNh/QCaxT+Jr+rNf4lwNXpx+atdn3Aa0oi8/6eQ=="
    "resolved" "https://registry.npmjs.org/react/-/react-17.0.0.tgz"
    "version" "17.0.0"
    dependencies:
      "loose-envify" "^1.1.0"
      "object-assign" "^4.1.1"
  
  "readable-stream@~2.3.6":
    "integrity" "sha512-Ebho8K4jIbHAxnuxi7o42OrZgF/ZTNcsZj6nRKyUmkhLFq8CHItp/fy6hQZuZmP/n3yZ9VBUbp4zz/mX8hmYPw=="
    "resolved" "https://registry.npmjs.org/readable-stream/-/readable-stream-2.3.7.tgz"
    "version" "2.3.7"
    dependencies:
      "core-util-is" "~1.0.0"
      "inherits" "~2.0.3"
      "isarray" "~1.0.0"
      "process-nextick-args" "~2.0.0"
      "safe-buffer" "~5.1.1"
      "string_decoder" "~1.1.1"
      "util-deprecate" "~1.0.1"
  
  "redux-thunk@^2.4.1":
    "integrity" "sha512-OOYGNY5Jy2TWvTL1KgAlVy6dcx3siPJ1wTq741EPyUKfn6W6nChdICjZwCd0p8AZBs5kWpZlbkXW2nE/zjUa+Q=="
    "resolved" "https://registry.npmjs.org/redux-thunk/-/redux-thunk-2.4.1.tgz"
    "version" "2.4.1"
  
  "redux@^4", "redux@^4.0.0", "redux@^4.1.2":
    "integrity" "sha512-SH8PglcebESbd/shgf6mii6EIoRM0zrQyjcuQ+ojmfxjTtE0z9Y8pa62iA/OJ58qjP6j27uyW4kUF4jl/jd6sw=="
    "resolved" "https://registry.npmjs.org/redux/-/redux-4.1.2.tgz"
    "version" "4.1.2"
    dependencies:
      "@babel/runtime" "^7.9.2"
  
  "regenerator-runtime@^0.13.4":
    "integrity" "sha512-p3VT+cOEgxFsRRA9X4lkI1E+k2/CtnKtU4gcxyaCUreilL/vqI6CdZ3wxVUx3UOUg+gnUOQQcRI7BmSI656MYA=="
    "resolved" "https://registry.npmjs.org/regenerator-runtime/-/regenerator-runtime-0.13.9.tgz"
    "version" "0.13.9"
  
  "require-directory@^2.1.1":
    "integrity" "sha1-jGStX9MNqxyXbiNE/+f3kqam30I="
    "resolved" "https://registry.npmjs.org/require-directory/-/require-directory-2.1.1.tgz"
    "version" "2.1.1"
  
  "resolve@^1.20.0":
    "integrity" "sha512-wENBPt4ySzg4ybFQW2TT1zMQucPK95HSh/nq2CFTZVOGut2+pQvSsgtda4d26YrYcr067wjbmzOG8byDPBX63A=="
    "resolved" "https://registry.npmjs.org/resolve/-/resolve-1.20.0.tgz"
    "version" "1.20.0"
    dependencies:
      "is-core-module" "^2.2.0"
      "path-parse" "^1.0.6"
  
  "rimraf@^3.0.0", "rimraf@^3.0.2":
    "integrity" "sha512-JZkJMZkAGFFPP2YqXZXPbMlMBgsxzE8ILs4lMIX/2o0L9UBw9O/Y3o6wFw/i9YLapcUJWwqbi3kdxIPdC62TIA=="
    "resolved" "https://registry.npmjs.org/rimraf/-/rimraf-3.0.2.tgz"
    "version" "3.0.2"
    dependencies:
      "glob" "^7.1.3"
  
  "rollup@^2.57.0":
    "integrity" "sha512-akwfnpjY0rXEDSn1UTVfKXJhPsEBu+imi1gqBA1ZkHGydUnkV/fWCC90P7rDaLEW8KTwBcS1G3N4893Ndz+jwg=="
    "resolved" "https://registry.npmjs.org/rollup/-/rollup-2.60.1.tgz"
    "version" "2.60.1"
    optionalDependencies:
      "fsevents" "~2.3.2"
  
  "safe-buffer@>=5.1.0", "safe-buffer@~5.1.0", "safe-buffer@~5.1.1":
    "integrity" "sha512-Gd2UZBJDkXlY7GbJxfsE8/nvKkUEU1G38c1siN6QP6a9PT9MmHB8GnpscSmMJSoF8LOIrt8ud/wPtojys4G6+g=="
    "resolved" "https://registry.npmjs.org/safe-buffer/-/safe-buffer-5.1.2.tgz"
    "version" "5.1.2"
  
  "scheduler@^0.20.0":
    "integrity" "sha512-2eWfGgAqqWFGqtdMmcL5zCMK1U8KlXv8SQFGglL3CEtd0aDVDWgeF/YoCmvln55m5zSk3J/20hTaSBeSObsQDQ=="
    "resolved" "https://registry.npmjs.org/scheduler/-/scheduler-0.20.2.tgz"
    "version" "0.20.2"
    dependencies:
      "loose-envify" "^1.1.0"
      "object-assign" "^4.1.1"
  
  "selenium-webdriver@^4.0.0-beta.2", "selenium-webdriver@4.0.0-rc-1":
    "integrity" "sha512-bcrwFPRax8fifRP60p7xkWDGSJJoMkPAzufMlk5K2NyLPht/YZzR2WcIk1+3gR8VOCLlst1P2PI+MXACaFzpIw=="
    "resolved" "https://registry.npmjs.org/selenium-webdriver/-/selenium-webdriver-4.0.0-rc-1.tgz"
    "version" "4.0.0-rc-1"
    dependencies:
      "jszip" "^3.6.0"
      "rimraf" "^3.0.2"
      "tmp" "^0.2.1"
      "ws" ">=7.4.6"
  
  "semver@^6.3.0":
    "integrity" "sha512-b39TBaTSfV6yBrapU89p5fKekE2m/NwnDocOVruQFS1/veMgdzuPcnOM34M6CwxW8jH/lxEa5rBoDeUwu5HHTw=="
    "resolved" "https://registry.npmjs.org/semver/-/semver-6.3.0.tgz"
    "version" "6.3.0"
  
  "set-immediate-shim@~1.0.1":
    "integrity" "sha1-SysbJ+uAip+NzEgaWOXlb1mfP2E="
    "resolved" "https://registry.npmjs.org/set-immediate-shim/-/set-immediate-shim-1.0.1.tgz"
    "version" "1.0.1"
  
  "shallowequal@^1.1.0":
    "integrity" "sha512-y0m1JoUZSlPAjXVtPPW70aZWfIL/dSP7AFkRnniLCrK/8MDKog3TySTBmckD+RObVxH0v4Tox67+F14PdED2oQ=="
    "resolved" "https://registry.npmjs.org/shallowequal/-/shallowequal-1.1.0.tgz"
    "version" "1.1.0"
  
  "source-map-js@^1.0.1":
    "integrity" "sha512-4+TN2b3tqOCd/kaGRJ/sTYA0tR0mdXx26ipdolxcwtJVqEnqNYvlCAt1q3ypy4QMlYus+Zh34RNtYLoq2oQ4IA=="
    "resolved" "https://registry.npmjs.org/source-map-js/-/source-map-js-1.0.1.tgz"
    "version" "1.0.1"
  
  "source-map@^0.5.0":
    "integrity" "sha1-igOdLRAh0i0eoUyA2OpGi6LvP8w="
    "resolved" "https://registry.npmjs.org/source-map/-/source-map-0.5.7.tgz"
    "version" "0.5.7"
  
  "string_decoder@~1.1.1":
    "integrity" "sha512-n/ShnvDi6FHbbVfviro+WojiFzv+s8MPMHBczVePfUpDJLwoLT0ht1l4YwBCbi8pJAveEEdnkHyPyTP/mzRfwg=="
    "resolved" "https://registry.npmjs.org/string_decoder/-/string_decoder-1.1.1.tgz"
    "version" "1.1.1"
    dependencies:
      "safe-buffer" "~5.1.0"
  
  "string-width@^4.1.0", "string-width@^4.2.0":
    "integrity" "sha512-wKyQRQpjJ0sIp62ErSZdGsjMJWsap5oRNihHhu6G7JVO/9jIB6UyevL+tXuOqrng8j/cxKTWyWUwvSTriiZz/g=="
    "resolved" "https://registry.npmjs.org/string-width/-/string-width-4.2.3.tgz"
    "version" "4.2.3"
    dependencies:
      "emoji-regex" "^8.0.0"
      "is-fullwidth-code-point" "^3.0.0"
      "strip-ansi" "^6.0.1"
  
  "strip-ansi@^6.0.0", "strip-ansi@^6.0.1":
    "integrity" "sha512-Y38VPSHcqkFrCpFnQ9vuSXmquuv5oXOKpGeT6aGrr3o3Gc9AlVa6JBfUSOCnbxGGZF+/0ooI7KrPuUSztUdU5A=="
    "resolved" "https://registry.npmjs.org/strip-ansi/-/strip-ansi-6.0.1.tgz"
    "version" "6.0.1"
    dependencies:
      "ansi-regex" "^5.0.1"
  
  "styled-components@^5.3.3", "styled-components@>= 2":
    "integrity" "sha512-++4iHwBM7ZN+x6DtPPWkCI4vdtwumQ+inA/DdAsqYd4SVgUKJie5vXyzotA00ttcFdQkCng7zc6grwlfIfw+lw=="
    "resolved" "https://registry.npmjs.org/styled-components/-/styled-components-5.3.3.tgz"
    "version" "5.3.3"
    dependencies:
      "@babel/helper-module-imports" "^7.0.0"
      "@babel/traverse" "^7.4.5"
      "@emotion/is-prop-valid" "^0.8.8"
      "@emotion/stylis" "^0.8.4"
      "@emotion/unitless" "^0.7.4"
      "babel-plugin-styled-components" ">= 1.12.0"
      "css-to-react-native" "^3.0.0"
      "hoist-non-react-statics" "^3.0.0"
      "shallowequal" "^1.1.0"
      "supports-color" "^5.5.0"
  
  "supports-color@^5.3.0", "supports-color@^5.5.0":
    "integrity" "sha512-QjVjwdXIt408MIiAqCX4oUKsgU2EqAGzs2Ppkm4aQYbjm+ZEWEcW4SfFNTr4uMNZma0ey4f5lgLrkB0aX0QMow=="
    "resolved" "https://registry.npmjs.org/supports-color/-/supports-color-5.5.0.tgz"
    "version" "5.5.0"
    dependencies:
      "has-flag" "^3.0.0"
  
  "tmp@^0.2.1":
    "integrity" "sha512-76SUhtfqR2Ijn+xllcI5P1oyannHNHByD80W1q447gU3mp9G9PSpGdWmjUOHRDPiHYacIk66W7ubDTuPF3BEtQ=="
    "resolved" "https://registry.npmjs.org/tmp/-/tmp-0.2.1.tgz"
    "version" "0.2.1"
    dependencies:
      "rimraf" "^3.0.0"
  
  "to-fast-properties@^2.0.0":
    "integrity" "sha1-3F5pjL0HkmW8c+A3doGk5Og/YW4="
    "resolved" "https://registry.npmjs.org/to-fast-properties/-/to-fast-properties-2.0.0.tgz"
    "version" "2.0.0"
  
  "tr46@~0.0.3":
    "integrity" "sha1-gYT9NH2snNwYWZLzpmIuFLnZq2o="
    "resolved" "https://registry.npmjs.org/tr46/-/tr46-0.0.3.tgz"
    "version" "0.0.3"
  
  "tslib@^2.1.0":
    "integrity" "sha512-77EbyPPpMz+FRFRuAFlWMtmgUWGe9UOG2Z25NqCwiIjRhOf5iKGuzSe5P2w1laq+FkRy4p+PCuVkJSGkzTEKVw=="
    "resolved" "https://registry.npmjs.org/tslib/-/tslib-2.3.1.tgz"
    "version" "2.3.1"
  
  "util-deprecate@~1.0.1":
    "integrity" "sha1-RQ1Nyfpw3nMnYvvS1KKJgUGaDM8="
    "resolved" "https://registry.npmjs.org/util-deprecate/-/util-deprecate-1.0.2.tgz"
    "version" "1.0.2"
  
  "vite@^2.6.4":
    "integrity" "sha512-2HA9xGyi+EhY2MXo0+A2dRsqsAG3eFNEVIo12olkWhOmc8LfiM+eMdrXf+Ruje9gdXgvSqjLI9freec1RUM5EA=="
    "resolved" "https://registry.npmjs.org/vite/-/vite-2.6.14.tgz"
    "version" "2.6.14"
    dependencies:
      "esbuild" "^0.13.2"
      "postcss" "^8.3.8"
      "resolve" "^1.20.0"
      "rollup" "^2.57.0"
    optionalDependencies:
      "fsevents" "~2.3.2"
  
  "webidl-conversions@^3.0.0":
    "integrity" "sha1-JFNCdeKnvGvnvIZhHMFq4KVlSHE="
    "resolved" "https://registry.npmjs.org/webidl-conversions/-/webidl-conversions-3.0.1.tgz"
    "version" "3.0.1"
  
  "websocket-driver@>=0.5.1":
    "integrity" "sha512-b17KeDIQVjvb0ssuSDF2cYXSg2iztliJ4B9WdsuB6J952qCPKmnVq4DyW5motImXHDC1cBT/1UezrJVsKw5zjg=="
    "resolved" "https://registry.npmjs.org/websocket-driver/-/websocket-driver-0.7.4.tgz"
    "version" "0.7.4"
    dependencies:
      "http-parser-js" ">=0.5.1"
      "safe-buffer" ">=5.1.0"
      "websocket-extensions" ">=0.1.1"
  
  "websocket-extensions@>=0.1.1":
    "integrity" "sha512-OqedPIGOfsDlo31UNwYbCFMSaO9m9G/0faIHj5/dZFDMFqPTcx6UwqyOy3COEaEOg/9VsGIpdqn62W5KhoKSpg=="
    "resolved" "https://registry.npmjs.org/websocket-extensions/-/websocket-extensions-0.1.4.tgz"
    "version" "0.1.4"
  
  "whatwg-fetch@2.0.4":
    "integrity" "sha512-dcQ1GWpOD/eEQ97k66aiEVpNnapVj90/+R+SXTPYGHpYBBypfKJEQjLrvMZ7YXbKm21gXd4NcuxUTjiv1YtLng=="
    "resolved" "https://registry.npmjs.org/whatwg-fetch/-/whatwg-fetch-2.0.4.tgz"
    "version" "2.0.4"
  
  "whatwg-url@^5.0.0":
    "integrity" "sha1-lmRU6HZUYuN2RNNib2dCzotwll0="
    "resolved" "https://registry.npmjs.org/whatwg-url/-/whatwg-url-5.0.0.tgz"
    "version" "5.0.0"
    dependencies:
      "tr46" "~0.0.3"
      "webidl-conversions" "^3.0.0"
  
  "wrap-ansi@^7.0.0":
    "integrity" "sha512-YVGIj2kamLSTxw6NsZjoBxfSwsn0ycdesmc4p+Q21c5zPuZ1pl+NfxVdxPtdHvmNVOQ6XSYG4AUtyt/Fi7D16Q=="
    "resolved" "https://registry.npmjs.org/wrap-ansi/-/wrap-ansi-7.0.0.tgz"
    "version" "7.0.0"
    dependencies:
      "ansi-styles" "^4.0.0"
      "string-width" "^4.1.0"
      "strip-ansi" "^6.0.0"
  
  "wrappy@1":
    "integrity" "sha1-tSQ9jz7BqjXxNkYFvA0QNuMKtp8="
    "resolved" "https://registry.npmjs.org/wrappy/-/wrappy-1.0.2.tgz"
    "version" "1.0.2"
  
  "ws@>=7.4.6":
    "integrity" "sha512-Gs5EZtpqZzLvmIM59w4igITU57lrtYVFneaa434VROv4thzJyV6UjIL3D42lslWlI+D4KzLYnxSwtfuiO79sNw=="
    "resolved" "https://registry.npmjs.org/ws/-/ws-8.3.0.tgz"
    "version" "8.3.0"
  
  "y18n@^5.0.5":
    "integrity" "sha512-0pfFzegeDWJHJIAmTLRP2DwHjdF5s7jo9tuztdQxAhINCdvS+3nGINqPd00AphqJR/0LhANUS6/+7SCb98YOfA=="
    "resolved" "https://registry.npmjs.org/y18n/-/y18n-5.0.8.tgz"
    "version" "5.0.8"
  
  "yargs-parser@^20.2.2":
    "integrity" "sha512-y11nGElTIV+CT3Zv9t7VKl+Q3hTQoT9a1Qzezhhl6Rp21gJ/IVTW7Z3y9EWXhuUBC2Shnf+DX0antecpAwSP8w=="
    "resolved" "https://registry.npmjs.org/yargs-parser/-/yargs-parser-20.2.9.tgz"
    "version" "20.2.9"
  
  "yargs@^16.1.1":
    "integrity" "sha512-D1mvvtDG0L5ft/jGWkLpG1+m0eQxOfaBvTNELraWj22wSVUMWxZUvYgJYcKh6jGGIkJFhH4IZPQhR4TKpc8mBw=="
    "resolved" "https://registry.npmjs.org/yargs/-/yargs-16.2.0.tgz"
    "version" "16.2.0"
    dependencies:
      "cliui" "^7.0.2"
      "escalade" "^3.1.1"
      "get-caller-file" "^2.0.5"
      "require-directory" "^2.1.1"
      "string-width" "^4.2.0"
      "y18n" "^5.0.5"
      "yargs-parser" "^20.2.2"
